{
  "symbol": "QQQ",
  "state_dir": "/Users/thrill3r/projects-ict-engine/ict-engine/docs/experiments/actionable-regime-confidence/runs/20260510T191144-board-b-factor-research-mtf1h/ict-engine/state",
  "artifact_id": "auto-quant-handoff:factor_research:QQQ:20260510T112631.746Z",
  "handoff_kind": "factor_research",
  "backend": "auto-quant",
  "data_ready": true,
  "dependency_healthy": true,
  "workspace_repo_root": "/Users/thrill3r/projects-ict-engine/ict-engine/docs/experiments/actionable-regime-confidence/runs/20260510T191144-board-b-factor-research-mtf1h/ict-engine/state/.deps/auto-quant",
  "suggested_commands": [
    "cat /Users/thrill3r/projects-ict-engine/ict-engine/docs/experiments/actionable-regime-confidence/runs/20260510T191144-board-b-factor-research-mtf1h/ict-engine/state/.deps/auto-quant/program.md",
    "uv run --with ta-lib /Users/thrill3r/projects-ict-engine/ict-engine/docs/experiments/actionable-regime-confidence/runs/20260510T191144-board-b-factor-research-mtf1h/ict-engine/state/.deps/auto-quant/run.py"
  ],
  "suggested_next_steps": [
    "open Auto-Quant program.md and stage a research loop for the requested objective",
    "run Auto-Quant backtest loop and export a stable candidate package for ict-engine"
  ],
  "recommended_next_command": "uv run --with ta-lib /Users/thrill3r/projects-ict-engine/ict-engine/docs/experiments/actionable-regime-confidence/runs/20260510T191144-board-b-factor-research-mtf1h/ict-engine/state/.deps/auto-quant/run.py",
  "recommended_next_command_meta": {
    "kind": "other",
    "requires_user_input": false,
    "blocked": false,
    "prompt": null,
    "executable_command": "uv run --with ta-lib /Users/thrill3r/projects-ict-engine/ict-engine/docs/experiments/actionable-regime-confidence/runs/20260510T191144-board-b-factor-research-mtf1h/ict-engine/state/.deps/auto-quant/run.py",
    "recorded_data_paths": []
  },
  "next_step": {
    "action_type": "run_command",
    "blocked_reason": null,
    "deferred_command": "uv run --with ta-lib /Users/thrill3r/projects-ict-engine/ict-engine/docs/experiments/actionable-regime-confidence/runs/20260510T191144-board-b-factor-research-mtf1h/ict-engine/state/.deps/auto-quant/run.py",
    "prompt": null,
    "user_input_required": false
  },
  "review_status": "ready_for_external_execution",
  "review_summary": "handoff is ready for Auto-Quant execution and candidate export",
  "notes": [
    "auto_quant_active_strategy_count=3",
    "requested_at=20260510T112631.746Z"
  ]
}
