{
  "bbn_contradiction_lift": 0.08327988578227234,
  "bbn_entropy_reduction": 0.0,
  "bbn_log_loss_delta": 0.004278997741133939,
  "command": "auto-quant-prior-init",
  "cross_library_apply": {
    "apply_artifact_id": "auto_quant_prior_init_QQQ_20260510T093548.477591000Z",
    "library_artifact_id": "auto_quant_strategy_library_QQQ_20260510T093339.357276000Z"
  },
  "dry_run": true,
  "evidence_value_gate_passed": true,
  "existing_apply_artifact_id": "auto_quant_prior_init_QQQ_20260510T093548.477591000Z",
  "final_probs": [
    0.5315284330755503,
    2.093991671624033e-7,
    0.4684713575252826
  ],
  "force": false,
  "initial_probs": [
    0.5731664390243902,
    2.146341463414634e-6,
    0.4268314146341464
  ],
  "library_artifact_id": "auto_quant_strategy_library_QQQ_20260510T093339.357276000Z",
  "library_path": "/Users/thrill3r/projects-ict-engine/ict-engine/docs/experiments/actionable-regime-confidence/runs/20260510T174651/branch-chain/qqq-regime-branch-iteration/strategy_library_qqq_tomac_hist.json",
  "parent_config": [
    0,
    0,
    0
  ],
  "prior_init_artifact_id": "auto_quant_prior_init_QQQ_20260510T103455.570398000Z",
  "prior_init_history_path": "/Users/thrill3r/projects-ict-engine/ict-engine/docs/experiments/actionable-regime-confidence/runs/20260510T174651/branch-chain/qqq-regime-branch-iteration/state/auto-quant/QQQ/auto_quant_prior_init_history.json",
  "prior_init_state_path": "/Users/thrill3r/projects-ict-engine/ict-engine/docs/experiments/actionable-regime-confidence/runs/20260510T174651/branch-chain/qqq-regime-branch-iteration/state/auto-quant/QQQ/auto_quant_prior_init_QQQ_20260510T103455.570398000Z.json",
  "prior_strength": 4.0,
  "strategies_applied": [
    {
      "after_probs": [
        0.5315284330755503,
        2.093991671624033e-7,
        0.4684713575252826
      ],
      "bbn_contradiction_after": 0.009003230895380899,
      "bbn_contradiction_before": 0.09228311667765324,
      "bbn_contradiction_lift": 0.08327988578227234,
      "bbn_entropy_after": 0.6911610477533976,
      "bbn_entropy_before": 0.6824303155704625,
      "bbn_entropy_reduction": 0.0,
      "bbn_log_loss_after": 0.6917264315206988,
      "bbn_log_loss_before": 0.6960054292618327,
      "bbn_log_loss_delta": 0.004278997741133939,
      "before_probs": [
        0.5731664390243902,
        2.146341463414634e-6,
        0.4268314146341464
      ],
      "diff": [
        -0.04163800594883993,
        -1.9369422962522305e-6,
        0.04163994289113615
      ],
      "evidence_value_gate_passed": true,
      "mutation_id": "qqq-regime-branch-20260510-tomac-killzone-breakout",
      "n_breakeven": 0,
      "n_loss": 35,
      "n_win": 39,
      "strategy_name": "TomacNQ_KillzoneBreakout",
      "temper": 0.5,
      "trade_count": 74
    }
  ],
  "strategies_skipped": [],
  "symbol": "QQQ",
  "temper": 0.5
}
