2026-05-10 17:26:08,558 - freqtrade.loggers - INFO - Enabling colorized output.
2026-05-10 17:26:08,559 - freqtrade.loggers - INFO - Logfile configured
2026-05-10 17:26:08,559 - freqtrade.loggers - INFO - Verbosity set to 0
2026-05-10 17:26:08,559 - freqtrade.configuration.configuration - INFO - Using additional Strategy lookup path: /Users/thrill3r/Auto-Quant/user_data/strategies_external
2026-05-10 17:26:08,559 - freqtrade.configuration.configuration - INFO - Using max_open_trades: 1 ...
2026-05-10 17:26:08,559 - freqtrade.configuration.configuration - INFO - Using user-data directory: /Users/thrill3r/Auto-Quant/user_data ...
2026-05-10 17:26:08,559 - freqtrade.configuration.configuration - INFO - Using data directory: /Users/thrill3r/Auto-Quant/user_data/data ...
2026-05-10 17:26:08,560 - freqtrade.configuration.configuration - INFO - Parameter --export detected: none ...
2026-05-10 17:26:08,560 - freqtrade.exchange.check_exchange - INFO - Checking exchange...
2026-05-10 17:26:08,565 - freqtrade.exchange.check_exchange - INFO - Exchange "binance" is officially supported by the Freqtrade development team.
2026-05-10 17:26:08,565 - freqtrade.configuration.configuration - INFO - Using pairlist from configuration.
2026-05-10 17:26:08,565 - freqtrade.exchange.exchange - INFO - Instance is running with dry_run enabled
2026-05-10 17:26:08,565 - freqtrade.exchange.exchange - INFO - Using CCXT 4.5.50
2026-05-10 17:26:08,573 - freqtrade.exchange.exchange - INFO - Using Exchange "Binance"
2026-05-10 17:26:08,573 - freqtrade.resolvers.exchange_resolver - INFO - Using resolved exchange 'Binance'...
2026-05-10 17:26:08,585 - freqtrade.resolvers.iresolver - INFO - Using resolved strategy TomacNQ_KillzoneBreakout from 
'/Users/thrill3r/Auto-Quant/user_data/strategies_external/TomacNQ_KillzoneBreakout.py'...
2026-05-10 17:26:08,586 - freqtrade.strategy.hyper - INFO - Found no parameter file.
2026-05-10 17:26:08,586 - freqtrade.resolvers.strategy_resolver - INFO - Override strategy 'timeframe' with value from the configuration: 1h.
2026-05-10 17:26:08,586 - freqtrade.resolvers.strategy_resolver - INFO - Override strategy 'stake_currency' with value from the configuration: USD.
2026-05-10 17:26:08,586 - freqtrade.resolvers.strategy_resolver - INFO - Override strategy 'stake_amount' with value from the configuration: unlimited.
2026-05-10 17:26:08,586 - freqtrade.resolvers.strategy_resolver - INFO - Override strategy 'unfilledtimeout' with value from the configuration: {'entry': 10, 'exit': 10, 'exit_timeout_count': 0, 
'unit': 'minutes'}.
2026-05-10 17:26:08,587 - freqtrade.resolvers.strategy_resolver - INFO - Override strategy 'max_open_trades' with value from the configuration: 1.
2026-05-10 17:26:08,587 - freqtrade.resolvers.strategy_resolver - INFO - Strategy using minimal_roi: {'0': 100}
2026-05-10 17:26:08,587 - freqtrade.resolvers.strategy_resolver - INFO - Strategy using timeframe: 1h
2026-05-10 17:26:08,587 - freqtrade.resolvers.strategy_resolver - INFO - Strategy using stoploss: -0.02
2026-05-10 17:26:08,587 - freqtrade.resolvers.strategy_resolver - INFO - Strategy using trailing_stop: True
2026-05-10 17:26:08,587 - freqtrade.resolvers.strategy_resolver - INFO - Strategy using trailing_stop_positive: 0.005
2026-05-10 17:26:08,587 - freqtrade.resolvers.strategy_resolver - INFO - Strategy using trailing_stop_positive_offset: 0.01
2026-05-10 17:26:08,587 - freqtrade.resolvers.strategy_resolver - INFO - Strategy using trailing_only_offset_is_reached: True
2026-05-10 17:26:08,588 - freqtrade.resolvers.strategy_resolver - INFO - Strategy using use_custom_stoploss: False
2026-05-10 17:26:08,588 - freqtrade.resolvers.strategy_resolver - INFO - Strategy using process_only_new_candles: True
2026-05-10 17:26:08,588 - freqtrade.resolvers.strategy_resolver - INFO - Strategy using order_types: {'entry': 'limit', 'exit': 'limit', 'stoploss': 'limit', 'stoploss_on_exchange': False, 
'stoploss_on_exchange_interval': 60}
2026-05-10 17:26:08,588 - freqtrade.resolvers.strategy_resolver - INFO - Strategy using order_time_in_force: {'entry': 'GTC', 'exit': 'GTC'}
2026-05-10 17:26:08,588 - freqtrade.resolvers.strategy_resolver - INFO - Strategy using stake_currency: USD
2026-05-10 17:26:08,588 - freqtrade.resolvers.strategy_resolver - INFO - Strategy using stake_amount: unlimited
2026-05-10 17:26:08,588 - freqtrade.resolvers.strategy_resolver - INFO - Strategy using startup_candle_count: 250
2026-05-10 17:26:08,588 - freqtrade.resolvers.strategy_resolver - INFO - Strategy using unfilledtimeout: {'entry': 10, 'exit': 10, 'exit_timeout_count': 0, 'unit': 'minutes'}
2026-05-10 17:26:08,588 - freqtrade.resolvers.strategy_resolver - INFO - Strategy using use_exit_signal: True
2026-05-10 17:26:08,589 - freqtrade.resolvers.strategy_resolver - INFO - Strategy using exit_profit_only: False
2026-05-10 17:26:08,589 - freqtrade.resolvers.strategy_resolver - INFO - Strategy using ignore_roi_if_entry_signal: False
2026-05-10 17:26:08,589 - freqtrade.resolvers.strategy_resolver - INFO - Strategy using exit_profit_offset: 0.0
2026-05-10 17:26:08,589 - freqtrade.resolvers.strategy_resolver - INFO - Strategy using disable_dataframe_checks: False
2026-05-10 17:26:08,589 - freqtrade.resolvers.strategy_resolver - INFO - Strategy using ignore_buying_expired_candle_after: 0
2026-05-10 17:26:08,589 - freqtrade.resolvers.strategy_resolver - INFO - Strategy using position_adjustment_enable: False
2026-05-10 17:26:08,589 - freqtrade.resolvers.strategy_resolver - INFO - Strategy using max_entry_position_adjustment: -1
2026-05-10 17:26:08,589 - freqtrade.resolvers.strategy_resolver - INFO - Strategy using max_open_trades: 1
2026-05-10 17:26:08,589 - freqtrade.configuration.config_validation - INFO - Validating configuration ...
2026-05-10 17:26:08,595 - freqtrade.resolvers.iresolver - INFO - Using resolved pairlist StaticPairList from 
'/Users/thrill3r/Auto-Quant/.venv/lib/python3.11/site-packages/freqtrade/plugins/pairlist/StaticPairList.py'...
2026-05-10 17:26:08,691 - freqtrade.data.history.datahandlers.idatahandler - WARNING - QQQ/USD, spot, 1h, data starts at 2024-06-03 13:00:00
2026-05-10 17:26:08,706 - freqtrade.data.converter.converter - INFO - Missing data fillup for QQQ/USD, 1h: before: 2754 - after: 13808 - 401.38%
2026-05-10 17:26:08,706 - freqtrade.optimize.backtesting - INFO - Loading data from 2024-06-03 13:00:00 up to 2025-12-30 20:00:00 (575 days).
2026-05-10 17:26:08,706 - freqtrade.configuration.timerange - WARNING - Moving start-date by 250 candles to account for startup time.
2026-05-10 17:26:09,035 - freqtrade.optimize.backtesting - INFO - Dataload complete. Calculating indicators
2026-05-10 17:26:09,042 - freqtrade.optimize.backtesting - INFO - Running backtesting for Strategy TomacNQ_KillzoneBreakout
2026-05-10 17:26:09,049 - freqtrade.data.dataprovider - INFO - Loading data for QQQ/USD 4h from 2022-11-20 08:00:00 to 2025-12-31 00:00:00
2026-05-10 17:26:09,063 - freqtrade.data.history.datahandlers.idatahandler - WARNING - QQQ/USD, spot, 4h, data starts at 2024-06-03 12:00:00
2026-05-10 17:26:09,083 - freqtrade.data.converter.converter - INFO - Missing data fillup for QQQ/USD, 4h: before: 912 - after: 3453 - 278.62%
2026-05-10 17:26:09,112 - freqtrade.optimize.backtesting - INFO - Backtesting with data from 2024-06-13 23:00:00 up to 2025-12-30 20:00:00 (564 days).
