Result for strategy TomacNQ_KillzoneBreakout
                                              BACKTESTING REPORT                                               
┏━━━━━━━━━┳━━━━━━━━┳━━━━━━━━━━━━━━┳━━━━━━━━━━━━━━━━┳━━━━━━━━━━━━━━┳━━━━━━━━━━━━━━━━━━┳━━━━━━━━━━━━━━━━━━━━━━━━┓
┃    Pair ┃ Trades ┃ Avg Profit % ┃ Tot Profit USD ┃ Tot Profit % ┃     Avg Duration ┃  Win  Draw  Loss  Win% ┃
┡━━━━━━━━━╇━━━━━━━━╇━━━━━━━━━━━━━━╇━━━━━━━━━━━━━━━━╇━━━━━━━━━━━━━━╇━━━━━━━━━━━━━━━━━━╇━━━━━━━━━━━━━━━━━━━━━━━━┩
│ QQQ/USD │     74 │          0.1 │       6984.681 │         6.98 │ 2 days, 10:58:00 │   39     0    35  52.7 │
│   TOTAL │     74 │          0.1 │       6984.681 │         6.98 │ 2 days, 10:58:00 │   39     0    35  52.7 │
└─────────┴────────┴──────────────┴────────────────┴──────────────┴──────────────────┴────────────────────────┘
                                         LEFT OPEN TRADES REPORT                                         
┏━━━━━━━┳━━━━━━━━┳━━━━━━━━━━━━━━┳━━━━━━━━━━━━━━━━┳━━━━━━━━━━━━━━┳━━━━━━━━━━━━━━┳━━━━━━━━━━━━━━━━━━━━━━━━┓
┃  Pair ┃ Trades ┃ Avg Profit % ┃ Tot Profit USD ┃ Tot Profit % ┃ Avg Duration ┃  Win  Draw  Loss  Win% ┃
┡━━━━━━━╇━━━━━━━━╇━━━━━━━━━━━━━━╇━━━━━━━━━━━━━━━━╇━━━━━━━━━━━━━━╇━━━━━━━━━━━━━━╇━━━━━━━━━━━━━━━━━━━━━━━━┩
│ TOTAL │      0 │          0.0 │          0.000 │          0.0 │         0:00 │    0     0     0     0 │
└───────┴────────┴──────────────┴────────────────┴──────────────┴──────────────┴────────────────────────┘
                                                 ENTER TAG STATS                                                  
┏━━━━━━━━━━━┳━━━━━━━━━┳━━━━━━━━━━━━━━┳━━━━━━━━━━━━━━━━┳━━━━━━━━━━━━━━┳━━━━━━━━━━━━━━━━━━┳━━━━━━━━━━━━━━━━━━━━━━━━┓
┃ Enter Tag ┃ Entries ┃ Avg Profit % ┃ Tot Profit USD ┃ Tot Profit % ┃     Avg Duration ┃  Win  Draw  Loss  Win% ┃
┡━━━━━━━━━━━╇━━━━━━━━━╇━━━━━━━━━━━━━━╇━━━━━━━━━━━━━━━━╇━━━━━━━━━━━━━━╇━━━━━━━━━━━━━━━━━━╇━━━━━━━━━━━━━━━━━━━━━━━━┩
│     OTHER │      74 │          0.1 │       6984.681 │         6.98 │ 2 days, 10:58:00 │   39     0    35  52.7 │
│     TOTAL │      74 │          0.1 │       6984.681 │         6.98 │ 2 days, 10:58:00 │   39     0    35  52.7 │
└───────────┴─────────┴──────────────┴────────────────┴──────────────┴──────────────────┴────────────────────────┘
                                                    EXIT REASON STATS                                                    
┏━━━━━━━━━━━━━━━━━━━━┳━━━━━━━┳━━━━━━━━━━━━━━┳━━━━━━━━━━━━━━━━┳━━━━━━━━━━━━━━┳━━━━━━━━━━━━━━━━━━┳━━━━━━━━━━━━━━━━━━━━━━━━┓
┃        Exit Reason ┃ Exits ┃ Avg Profit % ┃ Tot Profit USD ┃ Tot Profit % ┃     Avg Duration ┃  Win  Draw  Loss  Win% ┃
┡━━━━━━━━━━━━━━━━━━━━╇━━━━━━━╇━━━━━━━━━━━━━━╇━━━━━━━━━━━━━━━━╇━━━━━━━━━━━━━━╇━━━━━━━━━━━━━━━━━━╇━━━━━━━━━━━━━━━━━━━━━━━━┩
│ trailing_stop_loss │    33 │         0.99 │      32442.422 │        32.44 │ 2 days, 19:49:00 │   33     0     0   100 │
│          stop_loss │     5 │        -2.06 │     -10454.233 │       -10.45 │  1 day, 18:48:00 │    0     0     5     0 │
│        exit_signal │    36 │        -0.41 │     -15003.508 │        -15.0 │  2 days, 5:05:00 │    6     0    30  16.7 │
│              TOTAL │    74 │          0.1 │       6984.681 │         6.98 │ 2 days, 10:58:00 │   39     0    35  52.7 │
└────────────────────┴───────┴──────────────┴────────────────┴──────────────┴──────────────────┴────────────────────────┘
                                                           MIXED TAG STATS                                                            
┏━━━━━━━━━━━┳━━━━━━━━━━━━━━━━━━━━┳━━━━━━━━┳━━━━━━━━━━━━━━┳━━━━━━━━━━━━━━━━┳━━━━━━━━━━━━━━┳━━━━━━━━━━━━━━━━━━┳━━━━━━━━━━━━━━━━━━━━━━━━┓
┃ Enter Tag ┃        Exit Reason ┃ Trades ┃ Avg Profit % ┃ Tot Profit USD ┃ Tot Profit % ┃     Avg Duration ┃  Win  Draw  Loss  Win% ┃
┡━━━━━━━━━━━╇━━━━━━━━━━━━━━━━━━━━╇━━━━━━━━╇━━━━━━━━━━━━━━╇━━━━━━━━━━━━━━━━╇━━━━━━━━━━━━━━╇━━━━━━━━━━━━━━━━━━╇━━━━━━━━━━━━━━━━━━━━━━━━┩
│           │ trailing_stop_loss │     33 │         0.99 │      32442.422 │        32.44 │ 2 days, 19:49:00 │   33     0     0   100 │
│           │          stop_loss │      5 │        -2.06 │     -10454.233 │       -10.45 │  1 day, 18:48:00 │    0     0     5     0 │
│           │        exit_signal │     36 │        -0.41 │     -15003.508 │        -15.0 │  2 days, 5:05:00 │    6     0    30  16.7 │
│     TOTAL │                    │     74 │          0.1 │       6984.681 │         6.98 │ 2 days, 10:58:00 │   39     0    35  52.7 │
└───────────┴────────────────────┴────────┴──────────────┴────────────────┴──────────────┴──────────────────┴────────────────────────┘
                         SUMMARY METRICS                          
┏━━━━━━━━━━━━━━━━━━━━━━━━━━━━━━━┳━━━━━━━━━━━━━━━━━━━━━━━━━━━━━━━━┓
┃ Metric                        ┃ Value                          ┃
┡━━━━━━━━━━━━━━━━━━━━━━━━━━━━━━━╇━━━━━━━━━━━━━━━━━━━━━━━━━━━━━━━━┩
│ Backtesting from              │ 2024-06-13 23:00:00            │
│ Backtesting to                │ 2025-12-30 20:00:00            │
│ Trading Mode                  │ Spot                           │
│ Max open trades               │ 1                              │
│                               │                                │
│ Total/Daily Avg Trades        │ 74 / 0.13                      │
│ Starting balance              │ 100000 USD                     │
│ Final balance                 │ 106984.681 USD                 │
│ Absolute profit               │ 6984.681 USD                   │
│ Total profit %                │ 6.98%                          │
│ CAGR %                        │ 4.47%                          │
│ Sortino                       │ 0.38                           │
│ Sharpe                        │ 0.22                           │
│ Calmar                        │ 5.63                           │
│ SQN                           │ 0.75                           │
│ Profit factor                 │ 1.25                           │
│ Expectancy (Ratio)            │ 94.39 (0.12)                   │
│ Avg. daily profit             │ 12.384 USD                     │
│ Avg. stake amount             │ 100502.468 USD                 │
│ Total trade volume            │ 14881349.983 USD               │
│                               │                                │
│ Best Pair                     │ QQQ/USD 6.98%                  │
│ Worst Pair                    │ QQQ/USD 6.98%                  │
│ Best trade                    │ QQQ/USD 4.02%                  │
│ Worst trade                   │ QQQ/USD -2.29%                 │
│ Best day                      │ 3922.394 USD                   │
│ Worst day                     │ -2408.554 USD                  │
│ Days win/draw/lose            │ 38 / 477 / 35                  │
│ Min/Max/Avg. Duration Winners │ 0d 01:00 / 6d 23:00 / 2d 23:46 │
│ Min/Max/Avg. Duration Losers  │ 0d 00:00 / 5d 23:00 / 1d 20:41 │
│ Max Consecutive Wins / Loss   │ 4 / 4                          │
│ Rejected Entry signals        │ 0                              │
│ Entry/Exit Timeouts           │ 0 / 4                          │
│                               │                                │
│ Min balance                   │ 98905.145 USD                  │
│ Max balance                   │ 107481.358 USD                 │
│ Max % of account underwater   │ 4.20%                          │
│ Absolute drawdown             │ 4519.451 USD (4.20%)           │
│ Drawdown duration             │ 111 days 01:00:00              │
│ Profit at drawdown start      │ 7481.358 USD                   │
│ Profit at drawdown end        │ 2961.906 USD                   │
│ Drawdown start                │ 2025-07-03 13:00:00            │
│ Drawdown end                  │ 2025-10-22 14:00:00            │
│ Market change                 │ 29.94%                         │
└───────────────────────────────┴────────────────────────────────┘

Backtested 2024-06-13 23:00:00 -> 2025-12-30 20:00:00 | Max open trades : 1
                                                                   STRATEGY SUMMARY                                                                   
┏━━━━━━━━━━━━━━━━━━━━━━━━━━┳━━━━━━━━┳━━━━━━━━━━━━━━┳━━━━━━━━━━━━━━━━┳━━━━━━━━━━━━━━┳━━━━━━━━━━━━━━━━━━┳━━━━━━━━━━━━━━━━━━━━━━━━┳━━━━━━━━━━━━━━━━━━━━━┓
┃                 Strategy ┃ Trades ┃ Avg Profit % ┃ Tot Profit USD ┃ Tot Profit % ┃     Avg Duration ┃  Win  Draw  Loss  Win% ┃            Drawdown ┃
┡━━━━━━━━━━━━━━━━━━━━━━━━━━╇━━━━━━━━╇━━━━━━━━━━━━━━╇━━━━━━━━━━━━━━━━╇━━━━━━━━━━━━━━╇━━━━━━━━━━━━━━━━━━╇━━━━━━━━━━━━━━━━━━━━━━━━╇━━━━━━━━━━━━━━━━━━━━━┩
│ TomacNQ_KillzoneBreakout │     74 │         0.10 │       6984.681 │         6.98 │ 2 days, 10:58:00 │   39     0    35  52.7 │ 4519.451 USD  4.20% │
└──────────────────────────┴────────┴──────────────┴────────────────┴──────────────┴──────────────────┴────────────────────────┴─────────────────────┘
---
strategy:         TomacNQ_KillzoneBreakout
commit:           34ba6b6
config:           config.tomac.json
pairs:            QQQ/USD
sharpe:           0.2207
sortino:          0.3825
calmar:           5.6268
total_profit_pct: 6.9800
max_drawdown_pct: -4.2049
trade_count:      74
win_rate_pct:     52.7027
profit_factor:    1.2501
per_pair:
  QQQ/USD: sharpe=0.2207 trades=74 profit_pct=6.98 dd_pct=-4.20 wr=52.7 pf=1.25

Done: 1 succeeded, 0 failed.
