{
  "symbol": "QQQ",
  "rows": 1,
  "candidate_set_id": "structural-candidates:QQQ:f138e54482068e9c",
  "candidate_set_size": 1,
  "pending_reward_states": {
    "matured_success": 1
  },
  "mature_rows": 1,
  "rows_with_raw_path_score": 1,
  "rows_with_calibrated_path_prob": 1,
  "rows_with_path_prob_lower_bound": 1,
  "rows_with_propensity_estimate": 1,
  "rows_with_execution_gate_status": 1,
  "rows_with_training_weight": 1,
  "csv_path": "/tmp/ict-regime-branch-iteration-20260510-1/structural-replay-qqq-36/state/QQQ/policy_training/structural_path_ranking_target.csv",
  "jsonl_path": "/tmp/ict-regime-branch-iteration-20260510-1/structural-replay-qqq-36/state/QQQ/policy_training/structural_path_ranking_target.jsonl",
  "history_csv_path": "/tmp/ict-regime-branch-iteration-20260510-1/structural-replay-qqq-36/state/QQQ/policy_training/structural_path_ranking_target_history.csv",
  "history_jsonl_path": "/tmp/ict-regime-branch-iteration-20260510-1/structural-replay-qqq-36/state/QQQ/policy_training/structural_path_ranking_target_history.jsonl",
  "history_rows": 1375,
  "history_mature_rows": 1367,
  "history_rows_with_raw_path_score": 1367,
  "history_rows_with_calibrated_path_prob": 1367,
  "history_rows_with_path_prob_lower_bound": 1367,
  "history_rows_with_propensity_estimate": 1369,
  "history_rows_with_training_weight": 1367,
  "summary_path": "/tmp/ict-regime-branch-iteration-20260510-1/structural-replay-qqq-36/state/QQQ/policy_training/structural_path_ranking_target_summary.json",
  "trainer_manifest": {
    "protocol_version": "structural-path-ranking-trainer-manifest-v1",
    "dataset_role": "external_path_ranker_training_dataset",
    "group_id_column": "candidate_set_id",
    "label_column": "calibrated_label",
    "weight_column": "training_weight",
    "maturity_column": "maturity_mask",
    "raw_score_column": "raw_path_score",
    "feature_columns": [
      "rank",
      "direction",
      "regime_calibration_bucket",
      "behavior_policy_probability",
      "execution_propensity",
      "target_policy_probability_confidence",
      "target_policy_probability_lower_bound",
      "target_policy_reward_prior",
      "target_policy_reward_lower_bound",
      "experience_prior",
      "current_posterior",
      "structural_baseline_score"
    ],
    "calibration_columns": [
      "calibrated_path_prob",
      "path_prob_lower_bound",
      "execution_gate_status"
    ],
    "guardrail_columns": [
      "candidate_set_size",
      "path_id",
      "scenario_id",
      "pending_reward_state",
      "maturity_weight",
      "propensity_estimate",
      "ips_weight"
    ],
    "notes": [
      "Trainer runs outside the Rust belief engine; this manifest only describes exported columns.",
      "Rows without calibrated_label or training_weight are censored/unusable for supervised ranker loss."
    ]
  },
  "summary_line": "structural_path_ranking_target rows=1 history_rows=1375 candidate_set_size=1 mature_rows=1 history_mature_rows=1367 propensity_rows=1 calibrated_rows=1 execution_gate_rows=1 training_weight_rows=1"
}
