2026-05-10 18:46:48,256 - freqtrade.loggers - INFO - Enabling colorized output.
2026-05-10 18:46:48,256 - freqtrade.loggers - INFO - Logfile configured
2026-05-10 18:46:48,257 - freqtrade.loggers - INFO - Verbosity set to 0
2026-05-10 18:46:48,257 - freqtrade.configuration.configuration - INFO - Using additional Strategy lookup path: /tmp/ict-regime-chain-20260509T231052/scratch_strategies
2026-05-10 18:46:48,257 - freqtrade.configuration.configuration - INFO - Using max_open_trades: 1 ...
2026-05-10 18:46:48,257 - freqtrade.configuration.configuration - INFO - Parameter --timerange detected: 20250101-20251231 ...
2026-05-10 18:46:48,258 - freqtrade.configuration.configuration - INFO - Using user-data directory: /tmp/ict-board-a-v2-20260510T184538-autoquant-user-data ...
2026-05-10 18:46:48,258 - freqtrade.configuration.configuration - INFO - Using data directory: /Users/thrill3r/Auto-Quant/user_data/data ...
2026-05-10 18:46:48,258 - freqtrade.configuration.configuration - INFO - Storing backtest results to 
/Users/thrill3r/projects-ict-engine/ict-engine/docs/experiments/actionable-regime-confidence/runs/20260510T184538/autoquant/TomacNQ_ScratchNoRSINoConflict15m_20250101-20251231_trades.json ...
2026-05-10 18:46:48,258 - freqtrade.configuration.configuration - WARNING - DEPRECATED: Using `--export-filename` has no impact when backtesting. Please use `--notes` to annotate backtest results and 
`--backtest-directory` to specify the output directory. 
2026-05-10 18:46:48,259 - freqtrade.configuration.configuration - INFO - Parameter --export detected: trades ...
2026-05-10 18:46:48,259 - freqtrade.configuration.configuration - INFO - Filter trades by timerange: 20250101-20251231
2026-05-10 18:46:48,259 - freqtrade.exchange.check_exchange - INFO - Checking exchange...
2026-05-10 18:46:48,263 - freqtrade.exchange.check_exchange - INFO - Exchange "binance" is officially supported by the Freqtrade development team.
2026-05-10 18:46:48,264 - freqtrade.configuration.configuration - INFO - Using pairlist from configuration.
2026-05-10 18:46:48,264 - freqtrade.exchange.exchange - INFO - Instance is running with dry_run enabled
2026-05-10 18:46:48,264 - freqtrade.exchange.exchange - INFO - Using CCXT 4.5.50
2026-05-10 18:46:48,272 - freqtrade.exchange.exchange - INFO - Using Exchange "Binance"
2026-05-10 18:46:49,010 - freqtrade.resolvers.exchange_resolver - INFO - Using resolved exchange 'Binance'...
2026-05-10 18:46:49,019 - freqtrade.resolvers.iresolver - INFO - Using resolved strategy TomacNQ_ScratchNoRSINoConflict15m from 
'/private/tmp/ict-regime-chain-20260509T231052/scratch_strategies/TomacNQ_ScratchNoRSINoConflict15m.py'...
2026-05-10 18:46:49,019 - freqtrade.strategy.hyper - INFO - Found no parameter file.
2026-05-10 18:46:49,020 - freqtrade.resolvers.strategy_resolver - INFO - Override strategy 'stake_currency' with value from the configuration: USD.
2026-05-10 18:46:49,020 - freqtrade.resolvers.strategy_resolver - INFO - Override strategy 'stake_amount' with value from the configuration: unlimited.
2026-05-10 18:46:49,020 - freqtrade.resolvers.strategy_resolver - INFO - Override strategy 'unfilledtimeout' with value from the configuration: {'entry': 10, 'exit': 10, 'exit_timeout_count': 0, 
'unit': 'minutes'}.
2026-05-10 18:46:49,020 - freqtrade.resolvers.strategy_resolver - INFO - Override strategy 'max_open_trades' with value from the configuration: 1.
2026-05-10 18:46:49,020 - freqtrade.resolvers.strategy_resolver - INFO - Strategy using minimal_roi: {'0': 100}
2026-05-10 18:46:49,020 - freqtrade.resolvers.strategy_resolver - INFO - Strategy using timeframe: 15m
2026-05-10 18:46:49,020 - freqtrade.resolvers.strategy_resolver - INFO - Strategy using stoploss: -0.022
2026-05-10 18:46:49,020 - freqtrade.resolvers.strategy_resolver - INFO - Strategy using trailing_stop: True
2026-05-10 18:46:49,021 - freqtrade.resolvers.strategy_resolver - INFO - Strategy using trailing_stop_positive: 0.004
2026-05-10 18:46:49,021 - freqtrade.resolvers.strategy_resolver - INFO - Strategy using trailing_stop_positive_offset: 0.01
2026-05-10 18:46:49,021 - freqtrade.resolvers.strategy_resolver - INFO - Strategy using trailing_only_offset_is_reached: True
2026-05-10 18:46:49,021 - freqtrade.resolvers.strategy_resolver - INFO - Strategy using use_custom_stoploss: False
2026-05-10 18:46:49,021 - freqtrade.resolvers.strategy_resolver - INFO - Strategy using process_only_new_candles: True
2026-05-10 18:46:49,021 - freqtrade.resolvers.strategy_resolver - INFO - Strategy using order_types: {'entry': 'limit', 'exit': 'limit', 'stoploss': 'limit', 'stoploss_on_exchange': False, 
'stoploss_on_exchange_interval': 60}
2026-05-10 18:46:49,021 - freqtrade.resolvers.strategy_resolver - INFO - Strategy using order_time_in_force: {'entry': 'GTC', 'exit': 'GTC'}
2026-05-10 18:46:49,021 - freqtrade.resolvers.strategy_resolver - INFO - Strategy using stake_currency: USD
2026-05-10 18:46:49,021 - freqtrade.resolvers.strategy_resolver - INFO - Strategy using stake_amount: unlimited
2026-05-10 18:46:49,022 - freqtrade.resolvers.strategy_resolver - INFO - Strategy using startup_candle_count: 700
2026-05-10 18:46:49,022 - freqtrade.resolvers.strategy_resolver - INFO - Strategy using unfilledtimeout: {'entry': 10, 'exit': 10, 'exit_timeout_count': 0, 'unit': 'minutes'}
2026-05-10 18:46:49,022 - freqtrade.resolvers.strategy_resolver - INFO - Strategy using use_exit_signal: True
2026-05-10 18:46:49,022 - freqtrade.resolvers.strategy_resolver - INFO - Strategy using exit_profit_only: False
2026-05-10 18:46:49,022 - freqtrade.resolvers.strategy_resolver - INFO - Strategy using ignore_roi_if_entry_signal: False
2026-05-10 18:46:49,022 - freqtrade.resolvers.strategy_resolver - INFO - Strategy using exit_profit_offset: 0.0
2026-05-10 18:46:49,022 - freqtrade.resolvers.strategy_resolver - INFO - Strategy using disable_dataframe_checks: False
2026-05-10 18:46:49,022 - freqtrade.resolvers.strategy_resolver - INFO - Strategy using ignore_buying_expired_candle_after: 0
2026-05-10 18:46:49,022 - freqtrade.resolvers.strategy_resolver - INFO - Strategy using position_adjustment_enable: False
2026-05-10 18:46:49,022 - freqtrade.resolvers.strategy_resolver - INFO - Strategy using max_entry_position_adjustment: -1
2026-05-10 18:46:49,023 - freqtrade.resolvers.strategy_resolver - INFO - Strategy using max_open_trades: 1
2026-05-10 18:46:49,023 - freqtrade.configuration.config_validation - INFO - Validating configuration ...
2026-05-10 18:46:49,027 - freqtrade.resolvers.iresolver - INFO - Using resolved pairlist StaticPairList from 
'/Users/thrill3r/Auto-Quant/.venv/lib/python3.11/site-packages/freqtrade/plugins/pairlist/StaticPairList.py'...
2026-05-10 18:46:49,114 - freqtrade.data.converter.converter - INFO - Missing data fillup for NQ/USD, 15m: before: 23792 - after: 35645 - 49.82%
2026-05-10 18:46:49,115 - freqtrade.optimize.backtesting - INFO - Loading data from 2024-12-24 17:00:00 up to 2025-12-31 00:00:00 (371 days).
2026-05-10 18:46:49,388 - freqtrade.optimize.backtesting - INFO - Dataload complete. Calculating indicators
2026-05-10 18:46:49,389 - freqtrade.optimize.backtesting - INFO - Running backtesting for Strategy TomacNQ_ScratchNoRSINoConflict15m
2026-05-10 18:46:49,396 - freqtrade.optimize.backtesting - INFO - Backtesting with data from 2025-01-01 00:00:00 up to 2025-12-31 00:00:00 (364 days).
2026-05-10 18:46:50,903 - freqtrade.misc - INFO - dumping json to "/tmp/ict-board-a-v2-20260510T184538-autoquant-user-data/backtest_results/backtest-result-2026-05-10_18-46-50.meta.json"
