Discovered 3 strategies: CrashRebound, PerPairMR, VolBreakoutSized
Whitelist:   BTC/USDT,ETH/USDT,SOL/USDT,BNB/USDT,AVAX/USDT
Default TR:  20210101-20251231

Result for strategy CrashRebound
                                               BACKTESTING REPORT                                                
┏━━━━━━━━━━━┳━━━━━━━━┳━━━━━━━━━━━━━━┳━━━━━━━━━━━━━━━━━┳━━━━━━━━━━━━━━┳━━━━━━━━━━━━━━━━━┳━━━━━━━━━━━━━━━━━━━━━━━━┓
┃      Pair ┃ Trades ┃ Avg Profit % ┃ Tot Profit USDT ┃ Tot Profit % ┃    Avg Duration ┃  Win  Draw  Loss  Win% ┃
┡━━━━━━━━━━━╇━━━━━━━━╇━━━━━━━━━━━━━━╇━━━━━━━━━━━━━━━━━╇━━━━━━━━━━━━━━╇━━━━━━━━━━━━━━━━━╇━━━━━━━━━━━━━━━━━━━━━━━━┩
│ AVAX/USDT │     18 │         1.86 │        1089.803 │         10.9 │  1 day, 9:47:00 │   12     0     6  66.7 │
│  SOL/USDT │     20 │         1.27 │         803.173 │         8.03 │ 1 day, 10:48:00 │   13     0     7  65.0 │
│  BNB/USDT │     12 │         2.01 │         594.328 │         5.94 │  1 day, 5:35:00 │   10     0     2  83.3 │
│     TOTAL │     50 │         1.66 │        2487.303 │        24.87 │  1 day, 9:11:00 │   35     0    15  70.0 │
└───────────┴────────┴──────────────┴─────────────────┴──────────────┴─────────────────┴────────────────────────┘
                                             LEFT OPEN TRADES REPORT                                              
┏━━━━━━━━━━━┳━━━━━━━━┳━━━━━━━━━━━━━━┳━━━━━━━━━━━━━━━━━┳━━━━━━━━━━━━━━┳━━━━━━━━━━━━━━━━━━┳━━━━━━━━━━━━━━━━━━━━━━━━┓
┃      Pair ┃ Trades ┃ Avg Profit % ┃ Tot Profit USDT ┃ Tot Profit % ┃     Avg Duration ┃  Win  Draw  Loss  Win% ┃
┡━━━━━━━━━━━╇━━━━━━━━╇━━━━━━━━━━━━━━╇━━━━━━━━━━━━━━━━━╇━━━━━━━━━━━━━━╇━━━━━━━━━━━━━━━━━━╇━━━━━━━━━━━━━━━━━━━━━━━━┩
│ AVAX/USDT │      1 │         2.88 │          81.526 │         0.82 │         20:00:00 │    1     0     0   100 │
│  BNB/USDT │      1 │         -0.3 │          -7.479 │        -0.07 │   1 day, 2:00:00 │    0     0     1     0 │
│  SOL/USDT │      1 │        -9.49 │        -258.983 │        -2.59 │ 2 days, 20:00:00 │    0     0     1     0 │
│     TOTAL │      3 │         -2.3 │        -184.937 │        -1.85 │  1 day, 14:00:00 │    1     0     2  33.3 │
└───────────┴────────┴──────────────┴─────────────────┴──────────────┴──────────────────┴────────────────────────┘
                                                 ENTER TAG STATS                                                 
┏━━━━━━━━━━━┳━━━━━━━━━┳━━━━━━━━━━━━━━┳━━━━━━━━━━━━━━━━━┳━━━━━━━━━━━━━━┳━━━━━━━━━━━━━━━━┳━━━━━━━━━━━━━━━━━━━━━━━━┓
┃ Enter Tag ┃ Entries ┃ Avg Profit % ┃ Tot Profit USDT ┃ Tot Profit % ┃   Avg Duration ┃  Win  Draw  Loss  Win% ┃
┡━━━━━━━━━━━╇━━━━━━━━━╇━━━━━━━━━━━━━━╇━━━━━━━━━━━━━━━━━╇━━━━━━━━━━━━━━╇━━━━━━━━━━━━━━━━╇━━━━━━━━━━━━━━━━━━━━━━━━┩
│     OTHER │      50 │         1.66 │        2487.303 │        24.87 │ 1 day, 9:11:00 │   35     0    15  70.0 │
│     TOTAL │      50 │         1.66 │        2487.303 │        24.87 │ 1 day, 9:11:00 │   35     0    15  70.0 │
└───────────┴─────────┴──────────────┴─────────────────┴──────────────┴────────────────┴────────────────────────┘
                                                EXIT REASON STATS                                                 
┏━━━━━━━━━━━━━┳━━━━━━━┳━━━━━━━━━━━━━━┳━━━━━━━━━━━━━━━━━┳━━━━━━━━━━━━━━┳━━━━━━━━━━━━━━━━━┳━━━━━━━━━━━━━━━━━━━━━━━━┓
┃ Exit Reason ┃ Exits ┃ Avg Profit % ┃ Tot Profit USDT ┃ Tot Profit % ┃    Avg Duration ┃  Win  Draw  Loss  Win% ┃
┡━━━━━━━━━━━━━╇━━━━━━━╇━━━━━━━━━━━━━━╇━━━━━━━━━━━━━━━━━╇━━━━━━━━━━━━━━╇━━━━━━━━━━━━━━━━━╇━━━━━━━━━━━━━━━━━━━━━━━━┩
│ exit_signal │    47 │         1.91 │        2672.240 │        26.72 │  1 day, 8:52:00 │   34     0    13  72.3 │
│  force_exit │     3 │         -2.3 │        -184.937 │        -1.85 │ 1 day, 14:00:00 │    1     0     2  33.3 │
│       TOTAL │    50 │         1.66 │        2487.303 │        24.87 │  1 day, 9:11:00 │   35     0    15  70.0 │
└─────────────┴───────┴──────────────┴─────────────────┴──────────────┴─────────────────┴────────────────────────┘
                                                        MIXED TAG STATS                                                        
┏━━━━━━━━━━━┳━━━━━━━━━━━━━┳━━━━━━━━┳━━━━━━━━━━━━━━┳━━━━━━━━━━━━━━━━━┳━━━━━━━━━━━━━━┳━━━━━━━━━━━━━━━━━┳━━━━━━━━━━━━━━━━━━━━━━━━┓
┃ Enter Tag ┃ Exit Reason ┃ Trades ┃ Avg Profit % ┃ Tot Profit USDT ┃ Tot Profit % ┃    Avg Duration ┃  Win  Draw  Loss  Win% ┃
┡━━━━━━━━━━━╇━━━━━━━━━━━━━╇━━━━━━━━╇━━━━━━━━━━━━━━╇━━━━━━━━━━━━━━━━━╇━━━━━━━━━━━━━━╇━━━━━━━━━━━━━━━━━╇━━━━━━━━━━━━━━━━━━━━━━━━┩
│           │ exit_signal │     47 │         1.91 │        2672.240 │        26.72 │  1 day, 8:52:00 │   34     0    13  72.3 │
│           │  force_exit │      3 │         -2.3 │        -184.937 │        -1.85 │ 1 day, 14:00:00 │    1     0     2  33.3 │
│     TOTAL │             │     50 │         1.66 │        2487.303 │        24.87 │  1 day, 9:11:00 │   35     0    15  70.0 │
└───────────┴─────────────┴────────┴──────────────┴─────────────────┴──────────────┴─────────────────┴────────────────────────┘
                         SUMMARY METRICS                          
┏━━━━━━━━━━━━━━━━━━━━━━━━━━━━━━━┳━━━━━━━━━━━━━━━━━━━━━━━━━━━━━━━━┓
┃ Metric                        ┃ Value                          ┃
┡━━━━━━━━━━━━━━━━━━━━━━━━━━━━━━━╇━━━━━━━━━━━━━━━━━━━━━━━━━━━━━━━━┩
│ Backtesting from              │ 2021-02-01 16:00:00            │
│ Backtesting to                │ 2021-12-31 00:00:00            │
│ Trading Mode                  │ Spot                           │
│ Max open trades               │ 3                              │
│                               │                                │
│ Total/Daily Avg Trades        │ 50 / 0.15                      │
│ Starting balance              │ 10000 USDT                     │
│ Final balance                 │ 12487.303 USDT                 │
│ Absolute profit               │ 2487.303 USDT                  │
│ Total profit %                │ 24.87%                         │
│ CAGR %                        │ 27.66%                         │
│ Sortino                       │ 0.89                           │
│ Sharpe                        │ 0.85                           │
│ Calmar                        │ 24.99                          │
│ SQN                           │ 2.07                           │
│ Profit factor                 │ 2.14                           │
│ Expectancy (Ratio)            │ 49.75 (0.34)                   │
│ Avg. daily profit             │ 7.492 USDT                     │
│ Avg. stake amount             │ 2959.926 USDT                  │
│ Total trade volume            │ 299077.506 USDT                │
│                               │                                │
│ Best Pair                     │ AVAX/USDT 10.90%               │
│ Worst Pair                    │ BNB/USDT 5.94%                 │
│ Best trade                    │ AVAX/USDT 11.04%               │
│ Worst trade                   │ AVAX/USDT -22.49%              │
│ Best day                      │ 465.559 USDT                   │
│ Worst day                     │ -649.081 USDT                  │
│ Days win/draw/lose            │ 23 / 123 / 11                  │
│ Min/Max/Avg. Duration Winners │ 0d 02:00 / 2d 06:00 / 0d 23:12 │
│ Min/Max/Avg. Duration Losers  │ 1d 02:00 / 4d 00:00 / 2d 08:28 │
│ Max Consecutive Wins / Loss   │ 11 / 4                         │
│ Rejected Entry signals        │ 0                              │
│ Entry/Exit Timeouts           │ 0 / 0                          │
│                               │                                │
│ Min balance                   │ 10156.987 USDT                 │
│ Max balance                   │ 12672.24 USDT                  │
│ Max % of account underwater   │ 5.73%                          │
│ Absolute drawdown             │ 694.607 USDT (5.73%)           │
│ Drawdown duration             │ 9 days 04:00:00                │
│ Profit at drawdown start      │ 2125.848 USDT                  │
│ Profit at drawdown end        │ 1431.241 USDT                  │
│ Drawdown start                │ 2021-11-27 18:00:00            │
│ Drawdown end                  │ 2021-12-06 22:00:00            │
│ Market change                 │ 1862.31%                       │
└───────────────────────────────┴────────────────────────────────┘

Backtested 2021-02-01 16:00:00 -> 2021-12-31 00:00:00 | Max open trades : 3
                                                            STRATEGY SUMMARY                                                             
┏━━━━━━━━━━━━━━┳━━━━━━━━┳━━━━━━━━━━━━━━┳━━━━━━━━━━━━━━━━━┳━━━━━━━━━━━━━━┳━━━━━━━━━━━━━━━━┳━━━━━━━━━━━━━━━━━━━━━━━━┳━━━━━━━━━━━━━━━━━━━━━┓
┃     Strategy ┃ Trades ┃ Avg Profit % ┃ Tot Profit USDT ┃ Tot Profit % ┃   Avg Duration ┃  Win  Draw  Loss  Win% ┃            Drawdown ┃
┡━━━━━━━━━━━━━━╇━━━━━━━━╇━━━━━━━━━━━━━━╇━━━━━━━━━━━━━━━━━╇━━━━━━━━━━━━━━╇━━━━━━━━━━━━━━━━╇━━━━━━━━━━━━━━━━━━━━━━━━╇━━━━━━━━━━━━━━━━━━━━━┩
│ CrashRebound │     50 │         1.66 │        2487.303 │        24.87 │ 1 day, 9:11:00 │   35     0    15  70.0 │ 694.607 USDT  5.73% │
└──────────────┴────────┴──────────────┴─────────────────┴──────────────┴────────────────┴────────────────────────┴─────────────────────┘
---
strategy:         CrashRebound
timerange_label:  bull_2021
timerange:        20210101-20211231
commit:           34ba6b6
basket:           SOL/USDT,AVAX/USDT,BNB/USDT
sharpe:           0.8496
sortino:          0.8944
calmar:           24.9868
total_profit_pct: 24.8700
max_drawdown_pct: -5.7283
trade_count:      50
win_rate_pct:     70.0000
profit_factor:    2.1392
bah_sharpe:       3.6557
bah_profit_pct:   5056.8349
bah_dd_pct:       -61.4520
per_pair:
  SOL/USDT: sharpe=0.2921 trades=20 profit_pct=8.03 dd_pct=-2.83 wr=65.0 pf=1.81 (bah_profit=9128.1 bah_dd=-58.1)
  AVAX/USDT: sharpe=0.2971 trades=18 profit_pct=10.90 dd_pct=-6.06 wr=66.7 pf=2.14 (bah_profit=2898.3 bah_dd=-82.4)
  BNB/USDT: sharpe=0.3534 trades=12 profit_pct=5.94 dd_pct=-2.14 wr=83.3 pf=3.59 (bah_profit=1253.8 bah_dd=-61.4)

Result for strategy CrashRebound
                                               BACKTESTING REPORT                                                
┏━━━━━━━━━━━┳━━━━━━━━┳━━━━━━━━━━━━━━┳━━━━━━━━━━━━━━━━━┳━━━━━━━━━━━━━━┳━━━━━━━━━━━━━━━━━┳━━━━━━━━━━━━━━━━━━━━━━━━┓
┃      Pair ┃ Trades ┃ Avg Profit % ┃ Tot Profit USDT ┃ Tot Profit % ┃    Avg Duration ┃  Win  Draw  Loss  Win% ┃
┡━━━━━━━━━━━╇━━━━━━━━╇━━━━━━━━━━━━━━╇━━━━━━━━━━━━━━━━━╇━━━━━━━━━━━━━━╇━━━━━━━━━━━━━━━━━╇━━━━━━━━━━━━━━━━━━━━━━━━┩
│  SOL/USDT │      8 │         1.36 │         379.686 │          3.8 │  1 day, 2:38:00 │    6     0     2  75.0 │
│ AVAX/USDT │     20 │         0.91 │         264.909 │         2.65 │ 1 day, 12:00:00 │   14     0     6  70.0 │
│  BNB/USDT │      4 │        -4.62 │        -345.621 │        -3.46 │ 2 days, 5:00:00 │    2     0     2  50.0 │
│     TOTAL │     32 │         0.33 │         298.974 │         2.99 │ 1 day, 11:47:00 │   22     0    10  68.8 │
└───────────┴────────┴──────────────┴─────────────────┴──────────────┴─────────────────┴────────────────────────┘
                                         LEFT OPEN TRADES REPORT                                          
┏━━━━━━━┳━━━━━━━━┳━━━━━━━━━━━━━━┳━━━━━━━━━━━━━━━━━┳━━━━━━━━━━━━━━┳━━━━━━━━━━━━━━┳━━━━━━━━━━━━━━━━━━━━━━━━┓
┃  Pair ┃ Trades ┃ Avg Profit % ┃ Tot Profit USDT ┃ Tot Profit % ┃ Avg Duration ┃  Win  Draw  Loss  Win% ┃
┡━━━━━━━╇━━━━━━━━╇━━━━━━━━━━━━━━╇━━━━━━━━━━━━━━━━━╇━━━━━━━━━━━━━━╇━━━━━━━━━━━━━━╇━━━━━━━━━━━━━━━━━━━━━━━━┩
│ TOTAL │      0 │          0.0 │           0.000 │          0.0 │         0:00 │    0     0     0     0 │
└───────┴────────┴──────────────┴─────────────────┴──────────────┴──────────────┴────────────────────────┘
                                                 ENTER TAG STATS                                                  
┏━━━━━━━━━━━┳━━━━━━━━━┳━━━━━━━━━━━━━━┳━━━━━━━━━━━━━━━━━┳━━━━━━━━━━━━━━┳━━━━━━━━━━━━━━━━━┳━━━━━━━━━━━━━━━━━━━━━━━━┓
┃ Enter Tag ┃ Entries ┃ Avg Profit % ┃ Tot Profit USDT ┃ Tot Profit % ┃    Avg Duration ┃  Win  Draw  Loss  Win% ┃
┡━━━━━━━━━━━╇━━━━━━━━━╇━━━━━━━━━━━━━━╇━━━━━━━━━━━━━━━━━╇━━━━━━━━━━━━━━╇━━━━━━━━━━━━━━━━━╇━━━━━━━━━━━━━━━━━━━━━━━━┩
│     OTHER │      32 │         0.33 │         298.974 │         2.99 │ 1 day, 11:47:00 │   22     0    10  68.8 │
│     TOTAL │      32 │         0.33 │         298.974 │         2.99 │ 1 day, 11:47:00 │   22     0    10  68.8 │
└───────────┴─────────┴──────────────┴─────────────────┴──────────────┴─────────────────┴────────────────────────┘
                                                EXIT REASON STATS                                                 
┏━━━━━━━━━━━━━┳━━━━━━━┳━━━━━━━━━━━━━━┳━━━━━━━━━━━━━━━━━┳━━━━━━━━━━━━━━┳━━━━━━━━━━━━━━━━━┳━━━━━━━━━━━━━━━━━━━━━━━━┓
┃ Exit Reason ┃ Exits ┃ Avg Profit % ┃ Tot Profit USDT ┃ Tot Profit % ┃    Avg Duration ┃  Win  Draw  Loss  Win% ┃
┡━━━━━━━━━━━━━╇━━━━━━━╇━━━━━━━━━━━━━━╇━━━━━━━━━━━━━━━━━╇━━━━━━━━━━━━━━╇━━━━━━━━━━━━━━━━━╇━━━━━━━━━━━━━━━━━━━━━━━━┩
│ exit_signal │    32 │         0.33 │         298.974 │         2.99 │ 1 day, 11:47:00 │   22     0    10  68.8 │
│       TOTAL │    32 │         0.33 │         298.974 │         2.99 │ 1 day, 11:47:00 │   22     0    10  68.8 │
└─────────────┴───────┴──────────────┴─────────────────┴──────────────┴─────────────────┴────────────────────────┘
                                                        MIXED TAG STATS                                                        
┏━━━━━━━━━━━┳━━━━━━━━━━━━━┳━━━━━━━━┳━━━━━━━━━━━━━━┳━━━━━━━━━━━━━━━━━┳━━━━━━━━━━━━━━┳━━━━━━━━━━━━━━━━━┳━━━━━━━━━━━━━━━━━━━━━━━━┓
┃ Enter Tag ┃ Exit Reason ┃ Trades ┃ Avg Profit % ┃ Tot Profit USDT ┃ Tot Profit % ┃    Avg Duration ┃  Win  Draw  Loss  Win% ┃
┡━━━━━━━━━━━╇━━━━━━━━━━━━━╇━━━━━━━━╇━━━━━━━━━━━━━━╇━━━━━━━━━━━━━━━━━╇━━━━━━━━━━━━━━╇━━━━━━━━━━━━━━━━━╇━━━━━━━━━━━━━━━━━━━━━━━━┩
│           │ exit_signal │     32 │         0.33 │         298.974 │         2.99 │ 1 day, 11:47:00 │   22     0    10  68.8 │
│     TOTAL │             │     32 │         0.33 │         298.974 │         2.99 │ 1 day, 11:47:00 │   22     0    10  68.8 │
└───────────┴─────────────┴────────┴──────────────┴─────────────────┴──────────────┴─────────────────┴────────────────────────┘
                         SUMMARY METRICS                          
┏━━━━━━━━━━━━━━━━━━━━━━━━━━━━━━━┳━━━━━━━━━━━━━━━━━━━━━━━━━━━━━━━━┓
┃ Metric                        ┃ Value                          ┃
┡━━━━━━━━━━━━━━━━━━━━━━━━━━━━━━━╇━━━━━━━━━━━━━━━━━━━━━━━━━━━━━━━━┩
│ Backtesting from              │ 2022-01-01 00:00:00            │
│ Backtesting to                │ 2022-12-31 00:00:00            │
│ Trading Mode                  │ Spot                           │
│ Max open trades               │ 3                              │
│                               │                                │
│ Total/Daily Avg Trades        │ 32 / 0.09                      │
│ Starting balance              │ 10000 USDT                     │
│ Final balance                 │ 10298.974 USDT                 │
│ Absolute profit               │ 298.974 USDT                   │
│ Total profit %                │ 2.99%                          │
│ CAGR %                        │ 3.00%                          │
│ Sortino                       │ 0.09                           │
│ Sharpe                        │ 0.08                           │
│ Calmar                        │ 1.23                           │
│ SQN                           │ 0.28                           │
│ Profit factor                 │ 1.14                           │
│ Expectancy (Ratio)            │ 9.34 (0.04)                    │
│ Avg. daily profit             │ 0.821 USDT                     │
│ Avg. stake amount             │ 2521.906 USDT                  │
│ Total trade volume            │ 162024.665 USDT                │
│                               │                                │
│ Best Pair                     │ SOL/USDT 3.80%                 │
│ Worst Pair                    │ BNB/USDT -3.46%                │
│ Best trade                    │ AVAX/USDT 10.13%               │
│ Worst trade                   │ AVAX/USDT -18.65%              │
│ Best day                      │ 350.231 USDT                   │
│ Worst day                     │ -941.931 USDT                  │
│ Days win/draw/lose            │ 18 / 285 / 8                   │
│ Min/Max/Avg. Duration Winners │ 0d 01:00 / 2d 02:00 / 0d 22:14 │
│ Min/Max/Avg. Duration Losers  │ 1d 11:00 / 4d 00:00 / 2d 17:36 │
│ Max Consecutive Wins / Loss   │ 11 / 3                         │
│ Rejected Entry signals        │ 0                              │
│ Entry/Exit Timeouts           │ 0 / 0                          │
│                               │                                │
│ Min balance                   │ 8719.304 USDT                  │
│ Max balance                   │ 10402.626 USDT                 │
│ Max % of account underwater   │ 12.81%                         │
│ Absolute drawdown             │ 1280.696 USDT (12.81%)         │
│ Drawdown duration             │ 15 days 02:00:00               │
│ Profit at drawdown start      │ 0 USDT                         │
│ Profit at drawdown end        │ -1280.696 USDT                 │
│ Drawdown start                │ 2022-01-08 08:00:00            │
│ Drawdown end                  │ 2022-01-23 10:00:00            │
│ Market change                 │ -79.00%                        │
└───────────────────────────────┴────────────────────────────────┘

Backtested 2022-01-01 00:00:00 -> 2022-12-31 00:00:00 | Max open trades : 3
                                                              STRATEGY SUMMARY                                                              
┏━━━━━━━━━━━━━━┳━━━━━━━━┳━━━━━━━━━━━━━━┳━━━━━━━━━━━━━━━━━┳━━━━━━━━━━━━━━┳━━━━━━━━━━━━━━━━━┳━━━━━━━━━━━━━━━━━━━━━━━━┳━━━━━━━━━━━━━━━━━━━━━━━┓
┃     Strategy ┃ Trades ┃ Avg Profit % ┃ Tot Profit USDT ┃ Tot Profit % ┃    Avg Duration ┃  Win  Draw  Loss  Win% ┃              Drawdown ┃
┡━━━━━━━━━━━━━━╇━━━━━━━━╇━━━━━━━━━━━━━━╇━━━━━━━━━━━━━━━━━╇━━━━━━━━━━━━━━╇━━━━━━━━━━━━━━━━━╇━━━━━━━━━━━━━━━━━━━━━━━━╇━━━━━━━━━━━━━━━━━━━━━━━┩
│ CrashRebound │     32 │         0.33 │         298.974 │         2.99 │ 1 day, 11:47:00 │   22     0    10  68.8 │ 1280.696 USDT  12.81% │
└──────────────┴────────┴──────────────┴─────────────────┴──────────────┴─────────────────┴────────────────────────┴───────────────────────┘
---
strategy:         CrashRebound
timerange_label:  winter_2022
timerange:        20220101-20221231
commit:           34ba6b6
basket:           SOL/USDT,AVAX/USDT,BNB/USDT
sharpe:           0.0847
sortino:          0.0909
calmar:           1.2253
total_profit_pct: 2.9900
max_drawdown_pct: -12.8070
trade_count:      32
win_rate_pct:     68.7500
profit_factor:    1.1432
bah_sharpe:       -1.5436
bah_profit_pct:   -85.3194
bah_dd_pct:       -85.4496
per_pair:
  SOL/USDT: sharpe=0.1553 trades=8 profit_pct=3.80 dd_pct=-2.37 wr=75.0 pf=2.33 (bah_profit=-94.4 bah_dd=-94.6)
  AVAX/USDT: sharpe=0.0692 trades=20 profit_pct=2.65 dd_pct=-9.48 wr=70.0 pf=1.20 (bah_profit=-90.4 bah_dd=-90.5)
  BNB/USDT: sharpe=-0.1092 trades=4 profit_pct=-3.46 dd_pct=-4.37 wr=50.0 pf=0.31 (bah_profit=-53.3 bah_dd=-62.9)

Result for strategy CrashRebound
                                               BACKTESTING REPORT                                                
┏━━━━━━━━━━━┳━━━━━━━━┳━━━━━━━━━━━━━━┳━━━━━━━━━━━━━━━━━┳━━━━━━━━━━━━━━┳━━━━━━━━━━━━━━━━━┳━━━━━━━━━━━━━━━━━━━━━━━━┓
┃      Pair ┃ Trades ┃ Avg Profit % ┃ Tot Profit USDT ┃ Tot Profit % ┃    Avg Duration ┃  Win  Draw  Loss  Win% ┃
┡━━━━━━━━━━━╇━━━━━━━━╇━━━━━━━━━━━━━━╇━━━━━━━━━━━━━━━━━╇━━━━━━━━━━━━━━╇━━━━━━━━━━━━━━━━━╇━━━━━━━━━━━━━━━━━━━━━━━━┩
│  SOL/USDT │     63 │         0.81 │        1309.869 │         13.1 │  1 day, 7:32:00 │   44     0    19  69.8 │
│  BNB/USDT │     22 │         1.32 │         864.487 │         8.64 │  1 day, 4:19:00 │   18     0     4  81.8 │
│ AVAX/USDT │     38 │        -0.43 │        -444.858 │        -4.45 │ 1 day, 11:05:00 │   20     0    18  52.6 │
│     TOTAL │    123 │         0.52 │        1729.498 │        17.29 │  1 day, 8:03:00 │   82     0    41  66.7 │
└───────────┴────────┴──────────────┴─────────────────┴──────────────┴─────────────────┴────────────────────────┘
                                         LEFT OPEN TRADES REPORT                                          
┏━━━━━━━┳━━━━━━━━┳━━━━━━━━━━━━━━┳━━━━━━━━━━━━━━━━━┳━━━━━━━━━━━━━━┳━━━━━━━━━━━━━━┳━━━━━━━━━━━━━━━━━━━━━━━━┓
┃  Pair ┃ Trades ┃ Avg Profit % ┃ Tot Profit USDT ┃ Tot Profit % ┃ Avg Duration ┃  Win  Draw  Loss  Win% ┃
┡━━━━━━━╇━━━━━━━━╇━━━━━━━━━━━━━━╇━━━━━━━━━━━━━━━━━╇━━━━━━━━━━━━━━╇━━━━━━━━━━━━━━╇━━━━━━━━━━━━━━━━━━━━━━━━┩
│ TOTAL │      0 │          0.0 │           0.000 │          0.0 │         0:00 │    0     0     0     0 │
└───────┴────────┴──────────────┴─────────────────┴──────────────┴──────────────┴────────────────────────┘
                                                 ENTER TAG STATS                                                 
┏━━━━━━━━━━━┳━━━━━━━━━┳━━━━━━━━━━━━━━┳━━━━━━━━━━━━━━━━━┳━━━━━━━━━━━━━━┳━━━━━━━━━━━━━━━━┳━━━━━━━━━━━━━━━━━━━━━━━━┓
┃ Enter Tag ┃ Entries ┃ Avg Profit % ┃ Tot Profit USDT ┃ Tot Profit % ┃   Avg Duration ┃  Win  Draw  Loss  Win% ┃
┡━━━━━━━━━━━╇━━━━━━━━━╇━━━━━━━━━━━━━━╇━━━━━━━━━━━━━━━━━╇━━━━━━━━━━━━━━╇━━━━━━━━━━━━━━━━╇━━━━━━━━━━━━━━━━━━━━━━━━┩
│     OTHER │     123 │         0.52 │        1729.498 │        17.29 │ 1 day, 8:03:00 │   82     0    41  66.7 │
│     TOTAL │     123 │         0.52 │        1729.498 │        17.29 │ 1 day, 8:03:00 │   82     0    41  66.7 │
└───────────┴─────────┴──────────────┴─────────────────┴──────────────┴────────────────┴────────────────────────┘
                                                EXIT REASON STATS                                                
┏━━━━━━━━━━━━━┳━━━━━━━┳━━━━━━━━━━━━━━┳━━━━━━━━━━━━━━━━━┳━━━━━━━━━━━━━━┳━━━━━━━━━━━━━━━━┳━━━━━━━━━━━━━━━━━━━━━━━━┓
┃ Exit Reason ┃ Exits ┃ Avg Profit % ┃ Tot Profit USDT ┃ Tot Profit % ┃   Avg Duration ┃  Win  Draw  Loss  Win% ┃
┡━━━━━━━━━━━━━╇━━━━━━━╇━━━━━━━━━━━━━━╇━━━━━━━━━━━━━━━━━╇━━━━━━━━━━━━━━╇━━━━━━━━━━━━━━━━╇━━━━━━━━━━━━━━━━━━━━━━━━┩
│ exit_signal │   123 │         0.52 │        1729.498 │        17.29 │ 1 day, 8:03:00 │   82     0    41  66.7 │
│       TOTAL │   123 │         0.52 │        1729.498 │        17.29 │ 1 day, 8:03:00 │   82     0    41  66.7 │
└─────────────┴───────┴──────────────┴─────────────────┴──────────────┴────────────────┴────────────────────────┘
                                                       MIXED TAG STATS                                                        
┏━━━━━━━━━━━┳━━━━━━━━━━━━━┳━━━━━━━━┳━━━━━━━━━━━━━━┳━━━━━━━━━━━━━━━━━┳━━━━━━━━━━━━━━┳━━━━━━━━━━━━━━━━┳━━━━━━━━━━━━━━━━━━━━━━━━┓
┃ Enter Tag ┃ Exit Reason ┃ Trades ┃ Avg Profit % ┃ Tot Profit USDT ┃ Tot Profit % ┃   Avg Duration ┃  Win  Draw  Loss  Win% ┃
┡━━━━━━━━━━━╇━━━━━━━━━━━━━╇━━━━━━━━╇━━━━━━━━━━━━━━╇━━━━━━━━━━━━━━━━━╇━━━━━━━━━━━━━━╇━━━━━━━━━━━━━━━━╇━━━━━━━━━━━━━━━━━━━━━━━━┩
│           │ exit_signal │    123 │         0.52 │        1729.498 │        17.29 │ 1 day, 8:03:00 │   82     0    41  66.7 │
│     TOTAL │             │    123 │         0.52 │        1729.498 │        17.29 │ 1 day, 8:03:00 │   82     0    41  66.7 │
└───────────┴─────────────┴────────┴──────────────┴─────────────────┴──────────────┴────────────────┴────────────────────────┘
                         SUMMARY METRICS                          
┏━━━━━━━━━━━━━━━━━━━━━━━━━━━━━━━┳━━━━━━━━━━━━━━━━━━━━━━━━━━━━━━━━┓
┃ Metric                        ┃ Value                          ┃
┡━━━━━━━━━━━━━━━━━━━━━━━━━━━━━━━╇━━━━━━━━━━━━━━━━━━━━━━━━━━━━━━━━┩
│ Backtesting from              │ 2023-01-01 00:00:00            │
│ Backtesting to                │ 2025-12-31 00:00:00            │
│ Trading Mode                  │ Spot                           │
│ Max open trades               │ 3                              │
│                               │                                │
│ Total/Daily Avg Trades        │ 123 / 0.11                     │
│ Starting balance              │ 10000 USDT                     │
│ Final balance                 │ 11729.498 USDT                 │
│ Absolute profit               │ 1729.498 USDT                  │
│ Total profit %                │ 17.29%                         │
│ CAGR %                        │ 5.46%                          │
│ Sortino                       │ 0.22                           │
│ Sharpe                        │ 0.19                           │
│ Calmar                        │ 2.67                           │
│ SQN                           │ 0.99                           │
│ Profit factor                 │ 1.27                           │
│ Expectancy (Ratio)            │ 14.06 (0.09)                   │
│ Avg. daily profit             │ 1.579 USDT                     │
│ Avg. stake amount             │ 2863.275 USDT                  │
│ Total trade volume            │ 707508.655 USDT                │
│                               │                                │
│ Best Pair                     │ SOL/USDT 13.10%                │
│ Worst Pair                    │ AVAX/USDT -4.45%               │
│ Best trade                    │ BNB/USDT 11.98%                │
│ Worst trade                   │ AVAX/USDT -16.86%              │
│ Best day                      │ 536.033 USDT                   │
│ Worst day                     │ -801.715 USDT                  │
│ Days win/draw/lose            │ 63 / 923 / 30                  │
│ Min/Max/Avg. Duration Winners │ 0d 02:00 / 1d 22:00 / 0d 20:12 │
│ Min/Max/Avg. Duration Losers  │ 1d 04:00 / 5d 09:00 / 2d 07:45 │
│ Max Consecutive Wins / Loss   │ 10 / 5                         │
│ Rejected Entry signals        │ 0                              │
│ Entry/Exit Timeouts           │ 0 / 0                          │
│                               │                                │
│ Min balance                   │ 9943.154 USDT                  │
│ Max balance                   │ 12593.873 USDT                 │
│ Max % of account underwater   │ 11.31%                         │
│ Absolute drawdown             │ 1312.841 USDT (11.31%)         │
│ Drawdown duration             │ 92 days 02:00:00               │
│ Profit at drawdown start      │ 1609.618 USDT                  │
│ Profit at drawdown end        │ 296.777 USDT                   │
│ Drawdown start                │ 2024-01-13 21:00:00            │
│ Drawdown end                  │ 2024-04-14 23:00:00            │
│ Market change                 │ 472.07%                        │
└───────────────────────────────┴────────────────────────────────┘

Backtested 2023-01-01 00:00:00 -> 2025-12-31 00:00:00 | Max open trades : 3
                                                             STRATEGY SUMMARY                                                              
┏━━━━━━━━━━━━━━┳━━━━━━━━┳━━━━━━━━━━━━━━┳━━━━━━━━━━━━━━━━━┳━━━━━━━━━━━━━━┳━━━━━━━━━━━━━━━━┳━━━━━━━━━━━━━━━━━━━━━━━━┳━━━━━━━━━━━━━━━━━━━━━━━┓
┃     Strategy ┃ Trades ┃ Avg Profit % ┃ Tot Profit USDT ┃ Tot Profit % ┃   Avg Duration ┃  Win  Draw  Loss  Win% ┃              Drawdown ┃
┡━━━━━━━━━━━━━━╇━━━━━━━━╇━━━━━━━━━━━━━━╇━━━━━━━━━━━━━━━━━╇━━━━━━━━━━━━━━╇━━━━━━━━━━━━━━━━╇━━━━━━━━━━━━━━━━━━━━━━━━╇━━━━━━━━━━━━━━━━━━━━━━━┩
│ CrashRebound │    123 │         0.52 │        1729.498 │        17.29 │ 1 day, 8:03:00 │   82     0    41  66.7 │ 1312.841 USDT  11.31% │
└──────────────┴────────┴──────────────┴─────────────────┴──────────────┴────────────────┴────────────────────────┴───────────────────────┘
---
strategy:         CrashRebound
timerange_label:  recovery_23_25
timerange:        20230101-20251231
commit:           34ba6b6
basket:           SOL/USDT,AVAX/USDT,BNB/USDT
sharpe:           0.1920
sortino:          0.2186
calmar:           2.6684
total_profit_pct: 17.2900
max_drawdown_pct: -11.3082
trade_count:      123
win_rate_pct:     66.6667
profit_factor:    1.2675
bah_sharpe:       1.1063
bah_profit_pct:   374.1799
bah_dd_pct:       -52.0477
per_pair:
  SOL/USDT: sharpe=0.1730 trades=63 profit_pct=13.10 dd_pct=-6.37 wr=69.8 pf=1.49 (bah_profit=1147.7 bah_dd=-59.8)
  AVAX/USDT: sharpe=-0.0393 trades=38 profit_pct=-4.45 dd_pct=-10.76 wr=52.6 pf=0.85 (bah_profit=13.3 bah_dd=-81.1)
  BNB/USDT: sharpe=0.1103 trades=22 profit_pct=8.64 dd_pct=-2.74 wr=81.8 pf=2.16 (bah_profit=253.6 bah_dd=-41.0)

Result for strategy CrashRebound
                                               BACKTESTING REPORT                                                
┏━━━━━━━━━━━┳━━━━━━━━┳━━━━━━━━━━━━━━┳━━━━━━━━━━━━━━━━━┳━━━━━━━━━━━━━━┳━━━━━━━━━━━━━━━━━┳━━━━━━━━━━━━━━━━━━━━━━━━┓
┃      Pair ┃ Trades ┃ Avg Profit % ┃ Tot Profit USDT ┃ Tot Profit % ┃    Avg Duration ┃  Win  Draw  Loss  Win% ┃
┡━━━━━━━━━━━╇━━━━━━━━╇━━━━━━━━━━━━━━╇━━━━━━━━━━━━━━━━━╇━━━━━━━━━━━━━━╇━━━━━━━━━━━━━━━━━╇━━━━━━━━━━━━━━━━━━━━━━━━┩
│  SOL/USDT │     92 │         1.01 │        3202.981 │        32.03 │  1 day, 7:40:00 │   64     0    28  69.6 │
│  BNB/USDT │     39 │         0.97 │        1382.193 │        13.82 │  1 day, 6:57:00 │   32     0     7  82.1 │
│ AVAX/USDT │     76 │         0.53 │         983.893 │         9.84 │ 1 day, 11:08:00 │   46     0    30  60.5 │
│     TOTAL │    207 │         0.83 │        5569.067 │        55.69 │  1 day, 8:48:00 │  142     0    65  68.6 │
└───────────┴────────┴──────────────┴─────────────────┴──────────────┴─────────────────┴────────────────────────┘
                                         LEFT OPEN TRADES REPORT                                          
┏━━━━━━━┳━━━━━━━━┳━━━━━━━━━━━━━━┳━━━━━━━━━━━━━━━━━┳━━━━━━━━━━━━━━┳━━━━━━━━━━━━━━┳━━━━━━━━━━━━━━━━━━━━━━━━┓
┃  Pair ┃ Trades ┃ Avg Profit % ┃ Tot Profit USDT ┃ Tot Profit % ┃ Avg Duration ┃  Win  Draw  Loss  Win% ┃
┡━━━━━━━╇━━━━━━━━╇━━━━━━━━━━━━━━╇━━━━━━━━━━━━━━━━━╇━━━━━━━━━━━━━━╇━━━━━━━━━━━━━━╇━━━━━━━━━━━━━━━━━━━━━━━━┩
│ TOTAL │      0 │          0.0 │           0.000 │          0.0 │         0:00 │    0     0     0     0 │
└───────┴────────┴──────────────┴─────────────────┴──────────────┴──────────────┴────────────────────────┘
                                                 ENTER TAG STATS                                                 
┏━━━━━━━━━━━┳━━━━━━━━━┳━━━━━━━━━━━━━━┳━━━━━━━━━━━━━━━━━┳━━━━━━━━━━━━━━┳━━━━━━━━━━━━━━━━┳━━━━━━━━━━━━━━━━━━━━━━━━┓
┃ Enter Tag ┃ Entries ┃ Avg Profit % ┃ Tot Profit USDT ┃ Tot Profit % ┃   Avg Duration ┃  Win  Draw  Loss  Win% ┃
┡━━━━━━━━━━━╇━━━━━━━━━╇━━━━━━━━━━━━━━╇━━━━━━━━━━━━━━━━━╇━━━━━━━━━━━━━━╇━━━━━━━━━━━━━━━━╇━━━━━━━━━━━━━━━━━━━━━━━━┩
│     OTHER │     207 │         0.83 │        5569.067 │        55.69 │ 1 day, 8:48:00 │  142     0    65  68.6 │
│     TOTAL │     207 │         0.83 │        5569.067 │        55.69 │ 1 day, 8:48:00 │  142     0    65  68.6 │
└───────────┴─────────┴──────────────┴─────────────────┴──────────────┴────────────────┴────────────────────────┘
                                                EXIT REASON STATS                                                
┏━━━━━━━━━━━━━┳━━━━━━━┳━━━━━━━━━━━━━━┳━━━━━━━━━━━━━━━━━┳━━━━━━━━━━━━━━┳━━━━━━━━━━━━━━━━┳━━━━━━━━━━━━━━━━━━━━━━━━┓
┃ Exit Reason ┃ Exits ┃ Avg Profit % ┃ Tot Profit USDT ┃ Tot Profit % ┃   Avg Duration ┃  Win  Draw  Loss  Win% ┃
┡━━━━━━━━━━━━━╇━━━━━━━╇━━━━━━━━━━━━━━╇━━━━━━━━━━━━━━━━━╇━━━━━━━━━━━━━━╇━━━━━━━━━━━━━━━━╇━━━━━━━━━━━━━━━━━━━━━━━━┩
│ exit_signal │   207 │         0.83 │        5569.067 │        55.69 │ 1 day, 8:48:00 │  142     0    65  68.6 │
│       TOTAL │   207 │         0.83 │        5569.067 │        55.69 │ 1 day, 8:48:00 │  142     0    65  68.6 │
└─────────────┴───────┴──────────────┴─────────────────┴──────────────┴────────────────┴────────────────────────┘
                                                       MIXED TAG STATS                                                        
┏━━━━━━━━━━━┳━━━━━━━━━━━━━┳━━━━━━━━┳━━━━━━━━━━━━━━┳━━━━━━━━━━━━━━━━━┳━━━━━━━━━━━━━━┳━━━━━━━━━━━━━━━━┳━━━━━━━━━━━━━━━━━━━━━━━━┓
┃ Enter Tag ┃ Exit Reason ┃ Trades ┃ Avg Profit % ┃ Tot Profit USDT ┃ Tot Profit % ┃   Avg Duration ┃  Win  Draw  Loss  Win% ┃
┡━━━━━━━━━━━╇━━━━━━━━━━━━━╇━━━━━━━━╇━━━━━━━━━━━━━━╇━━━━━━━━━━━━━━━━━╇━━━━━━━━━━━━━━╇━━━━━━━━━━━━━━━━╇━━━━━━━━━━━━━━━━━━━━━━━━┩
│           │ exit_signal │    207 │         0.83 │        5569.067 │        55.69 │ 1 day, 8:48:00 │  142     0    65  68.6 │
│     TOTAL │             │    207 │         0.83 │        5569.067 │        55.69 │ 1 day, 8:48:00 │  142     0    65  68.6 │
└───────────┴─────────────┴────────┴──────────────┴─────────────────┴──────────────┴────────────────┴────────────────────────┘
                         SUMMARY METRICS                          
┏━━━━━━━━━━━━━━━━━━━━━━━━━━━━━━━┳━━━━━━━━━━━━━━━━━━━━━━━━━━━━━━━━┓
┃ Metric                        ┃ Value                          ┃
┡━━━━━━━━━━━━━━━━━━━━━━━━━━━━━━━╇━━━━━━━━━━━━━━━━━━━━━━━━━━━━━━━━┩
│ Backtesting from              │ 2021-02-01 16:00:00            │
│ Backtesting to                │ 2025-12-31 00:00:00            │
│ Trading Mode                  │ Spot                           │
│ Max open trades               │ 3                              │
│                               │                                │
│ Total/Daily Avg Trades        │ 207 / 0.12                     │
│ Starting balance              │ 10000 USDT                     │
│ Final balance                 │ 15569.067 USDT                 │
│ Absolute profit               │ 5569.067 USDT                  │
│ Total profit %                │ 55.69%                         │
│ CAGR %                        │ 9.43%                          │
│ Sortino                       │ 0.31                           │
│ Sharpe                        │ 0.29                           │
│ Calmar                        │ 5.25                           │
│ SQN                           │ 1.89                           │
│ Profit factor                 │ 1.42                           │
│ Expectancy (Ratio)            │ 26.90 (0.13)                   │
│ Avg. daily profit             │ 3.106 USDT                     │
│ Avg. stake amount             │ 3507.052 USDT                  │
│ Total trade volume            │ 1460406.423 USDT               │
│                               │                                │
│ Best Pair                     │ SOL/USDT 32.03%                │
│ Worst Pair                    │ AVAX/USDT 9.84%                │
│ Best trade                    │ BNB/USDT 11.98%                │
│ Worst trade                   │ AVAX/USDT -22.49%              │
│ Best day                      │ 711.503 USDT                   │
│ Worst day                     │ -1214.055 USDT                 │
│ Days win/draw/lose            │ 106 / 1425 / 48                │
│ Min/Max/Avg. Duration Winners │ 0d 01:00 / 2d 06:00 / 0d 21:15 │
│ Min/Max/Avg. Duration Losers  │ 1d 04:00 / 5d 09:00 / 2d 10:02 │
│ Max Consecutive Wins / Loss   │ 11 / 5                         │
│ Rejected Entry signals        │ 0                              │
│ Entry/Exit Timeouts           │ 0 / 0                          │
│                               │                                │
│ Min balance                   │ 10156.987 USDT                 │
│ Max balance                   │ 16716.408 USDT                 │
│ Max % of account underwater   │ 12.81%                         │
│ Absolute drawdown             │ 1742.648 USDT (11.31%)         │
│ Drawdown duration             │ 92 days 02:00:00               │
│ Profit at drawdown start      │ 5409.898 USDT                  │
│ Profit at drawdown end        │ 3667.249 USDT                  │
│ Drawdown start                │ 2024-01-13 21:00:00            │
│ Drawdown end                  │ 2024-04-14 23:00:00            │
│ Market change                 │ 1492.96%                       │
└───────────────────────────────┴────────────────────────────────┘

Backtested 2021-02-01 16:00:00 -> 2025-12-31 00:00:00 | Max open trades : 3
                                                             STRATEGY SUMMARY                                                              
┏━━━━━━━━━━━━━━┳━━━━━━━━┳━━━━━━━━━━━━━━┳━━━━━━━━━━━━━━━━━┳━━━━━━━━━━━━━━┳━━━━━━━━━━━━━━━━┳━━━━━━━━━━━━━━━━━━━━━━━━┳━━━━━━━━━━━━━━━━━━━━━━━┓
┃     Strategy ┃ Trades ┃ Avg Profit % ┃ Tot Profit USDT ┃ Tot Profit % ┃   Avg Duration ┃  Win  Draw  Loss  Win% ┃              Drawdown ┃
┡━━━━━━━━━━━━━━╇━━━━━━━━╇━━━━━━━━━━━━━━╇━━━━━━━━━━━━━━━━━╇━━━━━━━━━━━━━━╇━━━━━━━━━━━━━━━━╇━━━━━━━━━━━━━━━━━━━━━━━━╇━━━━━━━━━━━━━━━━━━━━━━━┩
│ CrashRebound │    207 │         0.83 │        5569.067 │        55.69 │ 1 day, 8:48:00 │  142     0    65  68.6 │ 1742.648 USDT  11.31% │
└──────────────┴────────┴──────────────┴─────────────────┴──────────────┴────────────────┴────────────────────────┴───────────────────────┘
---
strategy:         CrashRebound
timerange_label:  full_5y
timerange:        20210101-20251231
commit:           34ba6b6
basket:           SOL/USDT,AVAX/USDT,BNB/USDT
sharpe:           0.2903
sortino:          0.3148
calmar:           5.2473
total_profit_pct: 55.6900
max_drawdown_pct: -11.3086
trade_count:      207
win_rate_pct:     68.5990
profit_factor:    1.4161
bah_sharpe:       1.2554
bah_profit_pct:   3631.6791
bah_dd_pct:       -87.4042
per_pair:
  SOL/USDT: sharpe=0.2016 trades=92 profit_pct=32.03 dd_pct=-7.18 wr=69.6 pf=1.66 (bah_profit=6666.7 bah_dd=-96.3)
  AVAX/USDT: sharpe=0.0414 trades=76 profit_pct=9.84 dd_pct=-12.22 wr=60.5 pf=1.15 (bah_profit=237.6 bah_dd=-93.5)
  BNB/USDT: sharpe=0.0872 trades=39 profit_pct=13.82 dd_pct=-6.01 wr=82.1 pf=1.75 (bah_profit=2187.9 bah_dd=-70.9)

---
strategy:         CrashRebound
timerange_label:  SUMMARY
commit:           34ba6b6
robust_sharpe:    0.0847   # min across declared timeranges
worst_profit_pct: 2.9900
worst_dd_pct:     -12.8070
avg_position_pct: 29.5993
profit_floor:     FAIL   (threshold ≥ 20.0% per timerange)
min_position_size: PASS   (threshold ≥ 5.0%)
pareto_dominated_by: none (non-dominated)

Result for strategy PerPairMR
                                               BACKTESTING REPORT                                                
┏━━━━━━━━━━━┳━━━━━━━━┳━━━━━━━━━━━━━━┳━━━━━━━━━━━━━━━━━┳━━━━━━━━━━━━━━┳━━━━━━━━━━━━━━━━━┳━━━━━━━━━━━━━━━━━━━━━━━━┓
┃      Pair ┃ Trades ┃ Avg Profit % ┃ Tot Profit USDT ┃ Tot Profit % ┃    Avg Duration ┃  Win  Draw  Loss  Win% ┃
┡━━━━━━━━━━━╇━━━━━━━━╇━━━━━━━━━━━━━━╇━━━━━━━━━━━━━━━━━╇━━━━━━━━━━━━━━╇━━━━━━━━━━━━━━━━━╇━━━━━━━━━━━━━━━━━━━━━━━━┩
│  SOL/USDT │     33 │         1.41 │         959.988 │          9.6 │        12:33:00 │   24     0     9  72.7 │
│ AVAX/USDT │     35 │          1.2 │         929.890 │          9.3 │        14:58:00 │   24     0    11  68.6 │
│  BNB/USDT │     16 │          1.6 │         618.858 │         6.19 │  1 day, 5:26:00 │   13     0     3  81.2 │
│  BTC/USDT │     10 │         0.09 │          17.804 │         0.18 │ 1 day, 12:42:00 │    4     0     6  40.0 │
│  ETH/USDT │     12 │         0.14 │           9.052 │         0.09 │ 1 day, 15:55:00 │    5     0     7  41.7 │
│     TOTAL │    106 │          1.1 │        2535.592 │        25.36 │        21:16:00 │   70     0    36  66.0 │
└───────────┴────────┴──────────────┴─────────────────┴──────────────┴─────────────────┴────────────────────────┘
                                         LEFT OPEN TRADES REPORT                                          
┏━━━━━━━┳━━━━━━━━┳━━━━━━━━━━━━━━┳━━━━━━━━━━━━━━━━━┳━━━━━━━━━━━━━━┳━━━━━━━━━━━━━━┳━━━━━━━━━━━━━━━━━━━━━━━━┓
┃  Pair ┃ Trades ┃ Avg Profit % ┃ Tot Profit USDT ┃ Tot Profit % ┃ Avg Duration ┃  Win  Draw  Loss  Win% ┃
┡━━━━━━━╇━━━━━━━━╇━━━━━━━━━━━━━━╇━━━━━━━━━━━━━━━━━╇━━━━━━━━━━━━━━╇━━━━━━━━━━━━━━╇━━━━━━━━━━━━━━━━━━━━━━━━┩
│ TOTAL │      0 │          0.0 │           0.000 │          0.0 │         0:00 │    0     0     0     0 │
└───────┴────────┴──────────────┴─────────────────┴──────────────┴──────────────┴────────────────────────┘
                                                ENTER TAG STATS                                                
┏━━━━━━━━━━━┳━━━━━━━━━┳━━━━━━━━━━━━━━┳━━━━━━━━━━━━━━━━━┳━━━━━━━━━━━━━━┳━━━━━━━━━━━━━━┳━━━━━━━━━━━━━━━━━━━━━━━━┓
┃ Enter Tag ┃ Entries ┃ Avg Profit % ┃ Tot Profit USDT ┃ Tot Profit % ┃ Avg Duration ┃  Win  Draw  Loss  Win% ┃
┡━━━━━━━━━━━╇━━━━━━━━━╇━━━━━━━━━━━━━━╇━━━━━━━━━━━━━━━━━╇━━━━━━━━━━━━━━╇━━━━━━━━━━━━━━╇━━━━━━━━━━━━━━━━━━━━━━━━┩
│     OTHER │     106 │          1.1 │        2535.592 │        25.36 │     21:16:00 │   70     0    36  66.0 │
│     TOTAL │     106 │          1.1 │        2535.592 │        25.36 │     21:16:00 │   70     0    36  66.0 │
└───────────┴─────────┴──────────────┴─────────────────┴──────────────┴──────────────┴────────────────────────┘
                                               EXIT REASON STATS                                               
┏━━━━━━━━━━━━━┳━━━━━━━┳━━━━━━━━━━━━━━┳━━━━━━━━━━━━━━━━━┳━━━━━━━━━━━━━━┳━━━━━━━━━━━━━━┳━━━━━━━━━━━━━━━━━━━━━━━━┓
┃ Exit Reason ┃ Exits ┃ Avg Profit % ┃ Tot Profit USDT ┃ Tot Profit % ┃ Avg Duration ┃  Win  Draw  Loss  Win% ┃
┡━━━━━━━━━━━━━╇━━━━━━━╇━━━━━━━━━━━━━━╇━━━━━━━━━━━━━━━━━╇━━━━━━━━━━━━━━╇━━━━━━━━━━━━━━╇━━━━━━━━━━━━━━━━━━━━━━━━┩
│ exit_signal │   106 │          1.1 │        2535.592 │        25.36 │     21:16:00 │   70     0    36  66.0 │
│       TOTAL │   106 │          1.1 │        2535.592 │        25.36 │     21:16:00 │   70     0    36  66.0 │
└─────────────┴───────┴──────────────┴─────────────────┴──────────────┴──────────────┴────────────────────────┘
                                                      MIXED TAG STATS                                                       
┏━━━━━━━━━━━┳━━━━━━━━━━━━━┳━━━━━━━━┳━━━━━━━━━━━━━━┳━━━━━━━━━━━━━━━━━┳━━━━━━━━━━━━━━┳━━━━━━━━━━━━━━┳━━━━━━━━━━━━━━━━━━━━━━━━┓
┃ Enter Tag ┃ Exit Reason ┃ Trades ┃ Avg Profit % ┃ Tot Profit USDT ┃ Tot Profit % ┃ Avg Duration ┃  Win  Draw  Loss  Win% ┃
┡━━━━━━━━━━━╇━━━━━━━━━━━━━╇━━━━━━━━╇━━━━━━━━━━━━━━╇━━━━━━━━━━━━━━━━━╇━━━━━━━━━━━━━━╇━━━━━━━━━━━━━━╇━━━━━━━━━━━━━━━━━━━━━━━━┩
│           │ exit_signal │    106 │          1.1 │        2535.592 │        25.36 │     21:16:00 │   70     0    36  66.0 │
│     TOTAL │             │    106 │          1.1 │        2535.592 │        25.36 │     21:16:00 │   70     0    36  66.0 │
└───────────┴─────────────┴────────┴──────────────┴─────────────────┴──────────────┴──────────────┴────────────────────────┘
                         SUMMARY METRICS                          
┏━━━━━━━━━━━━━━━━━━━━━━━━━━━━━━━┳━━━━━━━━━━━━━━━━━━━━━━━━━━━━━━━━┓
┃ Metric                        ┃ Value                          ┃
┡━━━━━━━━━━━━━━━━━━━━━━━━━━━━━━━╇━━━━━━━━━━━━━━━━━━━━━━━━━━━━━━━━┩
│ Backtesting from              │ 2021-01-11 10:00:00            │
│ Backtesting to                │ 2021-12-31 00:00:00            │
│ Trading Mode                  │ Spot                           │
│ Max open trades               │ 5                              │
│                               │                                │
│ Total/Daily Avg Trades        │ 106 / 0.3                      │
│ Starting balance              │ 10000 USDT                     │
│ Final balance                 │ 12535.592 USDT                 │
│ Absolute profit               │ 2535.592 USDT                  │
│ Total profit %                │ 25.36%                         │
│ CAGR %                        │ 26.32%                         │
│ Sortino                       │ 2.25                           │
│ Sharpe                        │ 1.49                           │
│ Calmar                        │ 26.62                          │
│ SQN                           │ 2.66                           │
│ Profit factor                 │ 1.89                           │
│ Expectancy (Ratio)            │ 23.92 (0.30)                   │
│ Avg. daily profit             │ 7.183 USDT                     │
│ Avg. stake amount             │ 2242.483 USDT                  │
│ Total trade volume            │ 478898.913 USDT                │
│                               │                                │
│ Best Pair                     │ SOL/USDT 9.60%                 │
│ Worst Pair                    │ ETH/USDT 0.09%                 │
│ Best trade                    │ AVAX/USDT 10.93%               │
│ Worst trade                   │ AVAX/USDT -15.48%              │
│ Best day                      │ 283.057 USDT                   │
│ Worst day                     │ -331.856 USDT                  │
│ Days win/draw/lose            │ 51 / 89 / 23                   │
│ Min/Max/Avg. Duration Winners │ 0d 02:00 / 4d 00:00 / 0d 18:50 │
│ Min/Max/Avg. Duration Losers  │ 0d 06:00 / 2d 08:00 / 1d 02:02 │
│ Max Consecutive Wins / Loss   │ 11 / 3                         │
│ Rejected Entry signals        │ 0                              │
│ Entry/Exit Timeouts           │ 0 / 0                          │
│                               │                                │
│ Min balance                   │ 10023.046 USDT                 │
│ Max balance                   │ 12596.946 USDT                 │
│ Max % of account underwater   │ 5.15%                          │
│ Absolute drawdown             │ 557.487 USDT (5.15%)           │
│ Drawdown duration             │ 4 days 23:00:00                │
│ Profit at drawdown start      │ 814.576 USDT                   │
│ Profit at drawdown end        │ 257.089 USDT                   │
│ Drawdown start                │ 2021-09-04 18:00:00            │
│ Drawdown end                  │ 2021-09-09 17:00:00            │
│ Market change                 │ 1698.37%                       │
└───────────────────────────────┴────────────────────────────────┘

Backtested 2021-01-11 10:00:00 -> 2021-12-31 00:00:00 | Max open trades : 5
                                                          STRATEGY SUMMARY                                                          
┏━━━━━━━━━━━┳━━━━━━━━┳━━━━━━━━━━━━━━┳━━━━━━━━━━━━━━━━━┳━━━━━━━━━━━━━━┳━━━━━━━━━━━━━━┳━━━━━━━━━━━━━━━━━━━━━━━━┳━━━━━━━━━━━━━━━━━━━━━┓
┃  Strategy ┃ Trades ┃ Avg Profit % ┃ Tot Profit USDT ┃ Tot Profit % ┃ Avg Duration ┃  Win  Draw  Loss  Win% ┃            Drawdown ┃
┡━━━━━━━━━━━╇━━━━━━━━╇━━━━━━━━━━━━━━╇━━━━━━━━━━━━━━━━━╇━━━━━━━━━━━━━━╇━━━━━━━━━━━━━━╇━━━━━━━━━━━━━━━━━━━━━━━━╇━━━━━━━━━━━━━━━━━━━━━┩
│ PerPairMR │    106 │         1.10 │        2535.592 │        25.36 │     21:16:00 │   70     0    36  66.0 │ 557.487 USDT  5.15% │
└───────────┴────────┴──────────────┴─────────────────┴──────────────┴──────────────┴────────────────────────┴─────────────────────┘
---
strategy:         PerPairMR
timerange_label:  bull_2021
timerange:        20210101-20211231
commit:           34ba6b6
basket:           BTC/USDT,ETH/USDT,BNB/USDT,SOL/USDT,AVAX/USDT
sharpe:           1.4888
sortino:          2.2481
calmar:           26.6211
total_profit_pct: 25.3600
max_drawdown_pct: -5.1550
trade_count:      106
win_rate_pct:     66.0377
profit_factor:    1.8913
bah_sharpe:       3.2832
bah_profit_pct:   1741.8289
bah_dd_pct:       -56.8220
per_pair:
  BTC/USDT: sharpe=0.0118 trades=10 profit_pct=0.18 dd_pct=-1.60 wr=40.0 pf=1.05 (bah_profit=57.6 bah_dd=-53.1)
  ETH/USDT: sharpe=0.0058 trades=12 profit_pct=0.09 dd_pct=-1.86 wr=41.7 pf=1.02 (bah_profit=404.3 bah_dd=-57.2)
  BNB/USDT: sharpe=0.3679 trades=16 profit_pct=6.19 dd_pct=-2.73 wr=81.2 pf=2.60 (bah_profit=1253.8 bah_dd=-61.4)
  SOL/USDT: sharpe=0.6843 trades=33 profit_pct=9.60 dd_pct=-2.01 wr=72.7 pf=2.51 (bah_profit=9128.1 bah_dd=-58.1)
  AVAX/USDT: sharpe=0.4653 trades=35 profit_pct=9.30 dd_pct=-3.35 wr=68.6 pf=1.84 (bah_profit=2898.3 bah_dd=-82.4)

Result for strategy PerPairMR
                                               BACKTESTING REPORT                                                
┏━━━━━━━━━━━┳━━━━━━━━┳━━━━━━━━━━━━━━┳━━━━━━━━━━━━━━━━━┳━━━━━━━━━━━━━━┳━━━━━━━━━━━━━━━━━┳━━━━━━━━━━━━━━━━━━━━━━━━┓
┃      Pair ┃ Trades ┃ Avg Profit % ┃ Tot Profit USDT ┃ Tot Profit % ┃    Avg Duration ┃  Win  Draw  Loss  Win% ┃
┡━━━━━━━━━━━╇━━━━━━━━╇━━━━━━━━━━━━━━╇━━━━━━━━━━━━━━━━━╇━━━━━━━━━━━━━━╇━━━━━━━━━━━━━━━━━╇━━━━━━━━━━━━━━━━━━━━━━━━┩
│  BNB/USDT │     25 │         0.77 │         366.529 │         3.67 │ 1 day, 11:36:00 │   17     0     8  68.0 │
│  BTC/USDT │      0 │          0.0 │           0.000 │          0.0 │            0:00 │    0     0     0     0 │
│  ETH/USDT │      0 │          0.0 │           0.000 │          0.0 │            0:00 │    0     0     0     0 │
│  SOL/USDT │      2 │        -3.53 │        -140.112 │         -1.4 │        23:00:00 │    1     0     1  50.0 │
│ AVAX/USDT │     17 │        -0.41 │        -142.599 │        -1.43 │        16:49:00 │    7     0    10  41.2 │
│     TOTAL │     44 │         0.12 │          83.818 │         0.84 │  1 day, 3:46:00 │   25     0    19  56.8 │
└───────────┴────────┴──────────────┴─────────────────┴──────────────┴─────────────────┴────────────────────────┘
                                         LEFT OPEN TRADES REPORT                                          
┏━━━━━━━┳━━━━━━━━┳━━━━━━━━━━━━━━┳━━━━━━━━━━━━━━━━━┳━━━━━━━━━━━━━━┳━━━━━━━━━━━━━━┳━━━━━━━━━━━━━━━━━━━━━━━━┓
┃  Pair ┃ Trades ┃ Avg Profit % ┃ Tot Profit USDT ┃ Tot Profit % ┃ Avg Duration ┃  Win  Draw  Loss  Win% ┃
┡━━━━━━━╇━━━━━━━━╇━━━━━━━━━━━━━━╇━━━━━━━━━━━━━━━━━╇━━━━━━━━━━━━━━╇━━━━━━━━━━━━━━╇━━━━━━━━━━━━━━━━━━━━━━━━┩
│ TOTAL │      0 │          0.0 │           0.000 │          0.0 │         0:00 │    0     0     0     0 │
└───────┴────────┴──────────────┴─────────────────┴──────────────┴──────────────┴────────────────────────┘
                                                 ENTER TAG STATS                                                 
┏━━━━━━━━━━━┳━━━━━━━━━┳━━━━━━━━━━━━━━┳━━━━━━━━━━━━━━━━━┳━━━━━━━━━━━━━━┳━━━━━━━━━━━━━━━━┳━━━━━━━━━━━━━━━━━━━━━━━━┓
┃ Enter Tag ┃ Entries ┃ Avg Profit % ┃ Tot Profit USDT ┃ Tot Profit % ┃   Avg Duration ┃  Win  Draw  Loss  Win% ┃
┡━━━━━━━━━━━╇━━━━━━━━━╇━━━━━━━━━━━━━━╇━━━━━━━━━━━━━━━━━╇━━━━━━━━━━━━━━╇━━━━━━━━━━━━━━━━╇━━━━━━━━━━━━━━━━━━━━━━━━┩
│     OTHER │      44 │         0.12 │          83.818 │         0.84 │ 1 day, 3:46:00 │   25     0    19  56.8 │
│     TOTAL │      44 │         0.12 │          83.818 │         0.84 │ 1 day, 3:46:00 │   25     0    19  56.8 │
└───────────┴─────────┴──────────────┴─────────────────┴──────────────┴────────────────┴────────────────────────┘
                                                EXIT REASON STATS                                                
┏━━━━━━━━━━━━━┳━━━━━━━┳━━━━━━━━━━━━━━┳━━━━━━━━━━━━━━━━━┳━━━━━━━━━━━━━━┳━━━━━━━━━━━━━━━━┳━━━━━━━━━━━━━━━━━━━━━━━━┓
┃ Exit Reason ┃ Exits ┃ Avg Profit % ┃ Tot Profit USDT ┃ Tot Profit % ┃   Avg Duration ┃  Win  Draw  Loss  Win% ┃
┡━━━━━━━━━━━━━╇━━━━━━━╇━━━━━━━━━━━━━━╇━━━━━━━━━━━━━━━━━╇━━━━━━━━━━━━━━╇━━━━━━━━━━━━━━━━╇━━━━━━━━━━━━━━━━━━━━━━━━┩
│ exit_signal │    44 │         0.12 │          83.818 │         0.84 │ 1 day, 3:46:00 │   25     0    19  56.8 │
│       TOTAL │    44 │         0.12 │          83.818 │         0.84 │ 1 day, 3:46:00 │   25     0    19  56.8 │
└─────────────┴───────┴──────────────┴─────────────────┴──────────────┴────────────────┴────────────────────────┘
                                                       MIXED TAG STATS                                                        
┏━━━━━━━━━━━┳━━━━━━━━━━━━━┳━━━━━━━━┳━━━━━━━━━━━━━━┳━━━━━━━━━━━━━━━━━┳━━━━━━━━━━━━━━┳━━━━━━━━━━━━━━━━┳━━━━━━━━━━━━━━━━━━━━━━━━┓
┃ Enter Tag ┃ Exit Reason ┃ Trades ┃ Avg Profit % ┃ Tot Profit USDT ┃ Tot Profit % ┃   Avg Duration ┃  Win  Draw  Loss  Win% ┃
┡━━━━━━━━━━━╇━━━━━━━━━━━━━╇━━━━━━━━╇━━━━━━━━━━━━━━╇━━━━━━━━━━━━━━━━━╇━━━━━━━━━━━━━━╇━━━━━━━━━━━━━━━━╇━━━━━━━━━━━━━━━━━━━━━━━━┩
│           │ exit_signal │     44 │         0.12 │          83.818 │         0.84 │ 1 day, 3:46:00 │   25     0    19  56.8 │
│     TOTAL │             │     44 │         0.12 │          83.818 │         0.84 │ 1 day, 3:46:00 │   25     0    19  56.8 │
└───────────┴─────────────┴────────┴──────────────┴─────────────────┴──────────────┴────────────────┴────────────────────────┘
                         SUMMARY METRICS                          
┏━━━━━━━━━━━━━━━━━━━━━━━━━━━━━━━┳━━━━━━━━━━━━━━━━━━━━━━━━━━━━━━━━┓
┃ Metric                        ┃ Value                          ┃
┡━━━━━━━━━━━━━━━━━━━━━━━━━━━━━━━╇━━━━━━━━━━━━━━━━━━━━━━━━━━━━━━━━┩
│ Backtesting from              │ 2022-01-01 00:00:00            │
│ Backtesting to                │ 2022-12-31 00:00:00            │
│ Trading Mode                  │ Spot                           │
│ Max open trades               │ 5                              │
│                               │                                │
│ Total/Daily Avg Trades        │ 44 / 0.12                      │
│ Starting balance              │ 10000 USDT                     │
│ Final balance                 │ 10083.818 USDT                 │
│ Absolute profit               │ 83.818 USDT                    │
│ Total profit %                │ 0.84%                          │
│ CAGR %                        │ 0.84%                          │
│ Sortino                       │ 0.07                           │
│ Sharpe                        │ 0.05                           │
│ Calmar                        │ 1.02                           │
│ SQN                           │ 0.15                           │
│ Profit factor                 │ 1.06                           │
│ Expectancy (Ratio)            │ 1.90 (0.03)                    │
│ Avg. daily profit             │ 0.23 USDT                      │
│ Avg. stake amount             │ 1949.924 USDT                  │
│ Total trade volume            │ 172020.844 USDT                │
│                               │                                │
│ Best Pair                     │ BNB/USDT 3.67%                 │
│ Worst Pair                    │ AVAX/USDT -1.43%               │
│ Best trade                    │ BNB/USDT 14.49%                │
│ Worst trade                   │ BNB/USDT -10.67%               │
│ Best day                      │ 278.617 USDT                   │
│ Worst day                     │ -233.913 USDT                  │
│ Days win/draw/lose            │ 22 / 306 / 16                  │
│ Min/Max/Avg. Duration Winners │ 0d 02:00 / 1d 16:00 / 0d 18:55 │
│ Min/Max/Avg. Duration Losers  │ 0d 14:00 / 4d 19:00 / 1d 15:25 │
│ Max Consecutive Wins / Loss   │ 6 / 3                          │
│ Rejected Entry signals        │ 0                              │
│ Entry/Exit Timeouts           │ 0 / 0                          │
│                               │                                │
│ Min balance                   │ 9630.153 USDT                  │
│ Max balance                   │ 10130.087 USDT                 │
│ Max % of account underwater   │ 4.30%                          │
│ Absolute drawdown             │ 432.59 USDT (4.30%)            │
│ Drawdown duration             │ 279 days 09:00:00              │
│ Profit at drawdown start      │ 62.744 USDT                    │
│ Profit at drawdown end        │ -369.847 USDT                  │
│ Drawdown start                │ 2022-01-05 08:00:00            │
│ Drawdown end                  │ 2022-10-11 17:00:00            │
│ Market change                 │ -73.86%                        │
└───────────────────────────────┴────────────────────────────────┘

Backtested 2022-01-01 00:00:00 -> 2022-12-31 00:00:00 | Max open trades : 5
                                                          STRATEGY SUMMARY                                                           
┏━━━━━━━━━━━┳━━━━━━━━┳━━━━━━━━━━━━━━┳━━━━━━━━━━━━━━━━━┳━━━━━━━━━━━━━━┳━━━━━━━━━━━━━━━━┳━━━━━━━━━━━━━━━━━━━━━━━━┳━━━━━━━━━━━━━━━━━━━━┓
┃  Strategy ┃ Trades ┃ Avg Profit % ┃ Tot Profit USDT ┃ Tot Profit % ┃   Avg Duration ┃  Win  Draw  Loss  Win% ┃           Drawdown ┃
┡━━━━━━━━━━━╇━━━━━━━━╇━━━━━━━━━━━━━━╇━━━━━━━━━━━━━━━━━╇━━━━━━━━━━━━━━╇━━━━━━━━━━━━━━━━╇━━━━━━━━━━━━━━━━━━━━━━━━╇━━━━━━━━━━━━━━━━━━━━┩
│ PerPairMR │     44 │         0.12 │          83.818 │         0.84 │ 1 day, 3:46:00 │   25     0    19  56.8 │ 432.59 USDT  4.30% │
└───────────┴────────┴──────────────┴─────────────────┴──────────────┴────────────────┴────────────────────────┴────────────────────┘
---
strategy:         PerPairMR
timerange_label:  winter_2022
timerange:        20220101-20221231
commit:           34ba6b6
basket:           BTC/USDT,ETH/USDT,BNB/USDT,SOL/USDT,AVAX/USDT
sharpe:           0.0520
sortino:          0.0741
calmar:           1.0233
total_profit_pct: 0.8400
max_drawdown_pct: -4.2989
trade_count:      44
win_rate_pct:     56.8182
profit_factor:    1.0631
bah_sharpe:       -1.4288
bah_profit_pct:   -78.9624
bah_dd_pct:       -79.0365
per_pair:
  BTC/USDT: sharpe=0.0000 trades=0 profit_pct=0.00 dd_pct=-0.00 wr=0.0 pf=0.00 (bah_profit=-65.3 bah_dd=-66.9)
  ETH/USDT: sharpe=0.0000 trades=0 profit_pct=0.00 dd_pct=-0.00 wr=0.0 pf=0.00 (bah_profit=-68.2 bah_dd=-74.0)
  BNB/USDT: sharpe=0.2254 trades=25 profit_pct=3.67 dd_pct=-2.47 wr=68.0 pf=1.64 (bah_profit=-53.3 bah_dd=-62.9)
  SOL/USDT: sharpe=-0.0770 trades=2 profit_pct=-1.40 dd_pct=-1.65 wr=50.0 pf=0.15 (bah_profit=-94.4 bah_dd=-94.6)
  AVAX/USDT: sharpe=-0.0987 trades=17 profit_pct=-1.43 dd_pct=-1.94 wr=41.2 pf=0.76 (bah_profit=-90.4 bah_dd=-90.5)

Result for strategy PerPairMR
                                               BACKTESTING REPORT                                                
┏━━━━━━━━━━━┳━━━━━━━━┳━━━━━━━━━━━━━━┳━━━━━━━━━━━━━━━━━┳━━━━━━━━━━━━━━┳━━━━━━━━━━━━━━━━━┳━━━━━━━━━━━━━━━━━━━━━━━━┓
┃      Pair ┃ Trades ┃ Avg Profit % ┃ Tot Profit USDT ┃ Tot Profit % ┃    Avg Duration ┃  Win  Draw  Loss  Win% ┃
┡━━━━━━━━━━━╇━━━━━━━━╇━━━━━━━━━━━━━━╇━━━━━━━━━━━━━━━━━╇━━━━━━━━━━━━━━╇━━━━━━━━━━━━━━━━━╇━━━━━━━━━━━━━━━━━━━━━━━━┩
│ AVAX/USDT │     69 │         0.49 │         640.763 │         6.41 │        15:58:00 │   45     0    24  65.2 │
│  BTC/USDT │     62 │         0.37 │         517.480 │         5.17 │ 1 day, 17:50:00 │   25     0    37  40.3 │
│  BNB/USDT │     72 │         0.25 │         411.413 │         4.11 │  1 day, 9:52:00 │   49     0    23  68.1 │
│  ETH/USDT │     49 │         -0.1 │        -120.101 │         -1.2 │ 1 day, 15:37:00 │   15     0    34  30.6 │
│  SOL/USDT │    123 │        -0.14 │        -510.505 │        -5.11 │        16:22:00 │   77     0    46  62.6 │
│     TOTAL │    375 │         0.14 │         939.050 │         9.39 │  1 day, 2:54:00 │  211     0   164  56.3 │
└───────────┴────────┴──────────────┴─────────────────┴──────────────┴─────────────────┴────────────────────────┘
                                         LEFT OPEN TRADES REPORT                                          
┏━━━━━━━┳━━━━━━━━┳━━━━━━━━━━━━━━┳━━━━━━━━━━━━━━━━━┳━━━━━━━━━━━━━━┳━━━━━━━━━━━━━━┳━━━━━━━━━━━━━━━━━━━━━━━━┓
┃  Pair ┃ Trades ┃ Avg Profit % ┃ Tot Profit USDT ┃ Tot Profit % ┃ Avg Duration ┃  Win  Draw  Loss  Win% ┃
┡━━━━━━━╇━━━━━━━━╇━━━━━━━━━━━━━━╇━━━━━━━━━━━━━━━━━╇━━━━━━━━━━━━━━╇━━━━━━━━━━━━━━╇━━━━━━━━━━━━━━━━━━━━━━━━┩
│ TOTAL │      0 │          0.0 │           0.000 │          0.0 │         0:00 │    0     0     0     0 │
└───────┴────────┴──────────────┴─────────────────┴──────────────┴──────────────┴────────────────────────┘
                                                 ENTER TAG STATS                                                 
┏━━━━━━━━━━━┳━━━━━━━━━┳━━━━━━━━━━━━━━┳━━━━━━━━━━━━━━━━━┳━━━━━━━━━━━━━━┳━━━━━━━━━━━━━━━━┳━━━━━━━━━━━━━━━━━━━━━━━━┓
┃ Enter Tag ┃ Entries ┃ Avg Profit % ┃ Tot Profit USDT ┃ Tot Profit % ┃   Avg Duration ┃  Win  Draw  Loss  Win% ┃
┡━━━━━━━━━━━╇━━━━━━━━━╇━━━━━━━━━━━━━━╇━━━━━━━━━━━━━━━━━╇━━━━━━━━━━━━━━╇━━━━━━━━━━━━━━━━╇━━━━━━━━━━━━━━━━━━━━━━━━┩
│     OTHER │     375 │         0.14 │         939.050 │         9.39 │ 1 day, 2:54:00 │  211     0   164  56.3 │
│     TOTAL │     375 │         0.14 │         939.050 │         9.39 │ 1 day, 2:54:00 │  211     0   164  56.3 │
└───────────┴─────────┴──────────────┴─────────────────┴──────────────┴────────────────┴────────────────────────┘
                                                EXIT REASON STATS                                                
┏━━━━━━━━━━━━━┳━━━━━━━┳━━━━━━━━━━━━━━┳━━━━━━━━━━━━━━━━━┳━━━━━━━━━━━━━━┳━━━━━━━━━━━━━━━━┳━━━━━━━━━━━━━━━━━━━━━━━━┓
┃ Exit Reason ┃ Exits ┃ Avg Profit % ┃ Tot Profit USDT ┃ Tot Profit % ┃   Avg Duration ┃  Win  Draw  Loss  Win% ┃
┡━━━━━━━━━━━━━╇━━━━━━━╇━━━━━━━━━━━━━━╇━━━━━━━━━━━━━━━━━╇━━━━━━━━━━━━━━╇━━━━━━━━━━━━━━━━╇━━━━━━━━━━━━━━━━━━━━━━━━┩
│ exit_signal │   375 │         0.14 │         939.050 │         9.39 │ 1 day, 2:54:00 │  211     0   164  56.3 │
│       TOTAL │   375 │         0.14 │         939.050 │         9.39 │ 1 day, 2:54:00 │  211     0   164  56.3 │
└─────────────┴───────┴──────────────┴─────────────────┴──────────────┴────────────────┴────────────────────────┘
                                                       MIXED TAG STATS                                                        
┏━━━━━━━━━━━┳━━━━━━━━━━━━━┳━━━━━━━━┳━━━━━━━━━━━━━━┳━━━━━━━━━━━━━━━━━┳━━━━━━━━━━━━━━┳━━━━━━━━━━━━━━━━┳━━━━━━━━━━━━━━━━━━━━━━━━┓
┃ Enter Tag ┃ Exit Reason ┃ Trades ┃ Avg Profit % ┃ Tot Profit USDT ┃ Tot Profit % ┃   Avg Duration ┃  Win  Draw  Loss  Win% ┃
┡━━━━━━━━━━━╇━━━━━━━━━━━━━╇━━━━━━━━╇━━━━━━━━━━━━━━╇━━━━━━━━━━━━━━━━━╇━━━━━━━━━━━━━━╇━━━━━━━━━━━━━━━━╇━━━━━━━━━━━━━━━━━━━━━━━━┩
│           │ exit_signal │    375 │         0.14 │         939.050 │         9.39 │ 1 day, 2:54:00 │  211     0   164  56.3 │
│     TOTAL │             │    375 │         0.14 │         939.050 │         9.39 │ 1 day, 2:54:00 │  211     0   164  56.3 │
└───────────┴─────────────┴────────┴──────────────┴─────────────────┴──────────────┴────────────────┴────────────────────────┘
                         SUMMARY METRICS                          
┏━━━━━━━━━━━━━━━━━━━━━━━━━━━━━━━┳━━━━━━━━━━━━━━━━━━━━━━━━━━━━━━━━┓
┃ Metric                        ┃ Value                          ┃
┡━━━━━━━━━━━━━━━━━━━━━━━━━━━━━━━╇━━━━━━━━━━━━━━━━━━━━━━━━━━━━━━━━┩
│ Backtesting from              │ 2023-01-01 00:00:00            │
│ Backtesting to                │ 2025-12-31 00:00:00            │
│ Trading Mode                  │ Spot                           │
│ Max open trades               │ 5                              │
│                               │                                │
│ Total/Daily Avg Trades        │ 375 / 0.34                     │
│ Starting balance              │ 10000 USDT                     │
│ Final balance                 │ 10939.05 USDT                  │
│ Absolute profit               │ 939.05 USDT                    │
│ Total profit %                │ 9.39%                          │
│ CAGR %                        │ 3.04%                          │
│ Sortino                       │ 0.22                           │
│ Sharpe                        │ 0.18                           │
│ Calmar                        │ 1.13                           │
│ SQN                           │ 0.54                           │
│ Profit factor                 │ 1.09                           │
│ Expectancy (Ratio)            │ 2.50 (0.04)                    │
│ Avg. daily profit             │ 0.858 USDT                     │
│ Avg. stake amount             │ 2251.68 USDT                   │
│ Total trade volume            │ 1693081.924 USDT               │
│                               │                                │
│ Best Pair                     │ AVAX/USDT 6.41%                │
│ Worst Pair                    │ SOL/USDT -5.11%                │
│ Best trade                    │ BTC/USDT 14.52%                │
│ Worst trade                   │ AVAX/USDT -15.95%              │
│ Best day                      │ 595.732 USDT                   │
│ Worst day                     │ -430.675 USDT                  │
│ Days win/draw/lose            │ 155 / 788 / 120                │
│ Min/Max/Avg. Duration Winners │ 0d 02:00 / 4d 19:00 / 0d 23:34 │
│ Min/Max/Avg. Duration Losers  │ 0d 04:00 / 3d 21:00 / 1d 07:11 │
│ Max Consecutive Wins / Loss   │ 11 / 5                         │
│ Rejected Entry signals        │ 0                              │
│ Entry/Exit Timeouts           │ 0 / 0                          │
│                               │                                │
│ Min balance                   │ 9547.905 USDT                  │
│ Max balance                   │ 12767.592 USDT                 │
│ Max % of account underwater   │ 14.55%                         │
│ Absolute drawdown             │ 1857.073 USDT (14.55%)         │
│ Drawdown duration             │ 605 days 00:00:00              │
│ Profit at drawdown start      │ 2767.592 USDT                  │
│ Profit at drawdown end        │ 910.519 USDT                   │
│ Drawdown start                │ 2024-03-27 23:00:00            │
│ Drawdown end                  │ 2025-11-22 23:00:00            │
│ Market change                 │ 399.71%                        │
└───────────────────────────────┴────────────────────────────────┘

Backtested 2023-01-01 00:00:00 -> 2025-12-31 00:00:00 | Max open trades : 5
                                                            STRATEGY SUMMARY                                                            
┏━━━━━━━━━━━┳━━━━━━━━┳━━━━━━━━━━━━━━┳━━━━━━━━━━━━━━━━━┳━━━━━━━━━━━━━━┳━━━━━━━━━━━━━━━━┳━━━━━━━━━━━━━━━━━━━━━━━━┳━━━━━━━━━━━━━━━━━━━━━━━┓
┃  Strategy ┃ Trades ┃ Avg Profit % ┃ Tot Profit USDT ┃ Tot Profit % ┃   Avg Duration ┃  Win  Draw  Loss  Win% ┃              Drawdown ┃
┡━━━━━━━━━━━╇━━━━━━━━╇━━━━━━━━━━━━━━╇━━━━━━━━━━━━━━━━━╇━━━━━━━━━━━━━━╇━━━━━━━━━━━━━━━━╇━━━━━━━━━━━━━━━━━━━━━━━━╇━━━━━━━━━━━━━━━━━━━━━━━┩
│ PerPairMR │    375 │         0.14 │         939.050 │         9.39 │ 1 day, 2:54:00 │  211     0   164  56.3 │ 1857.073 USDT  14.55% │
└───────────┴────────┴──────────────┴─────────────────┴──────────────┴────────────────┴────────────────────────┴───────────────────────┘
---
strategy:         PerPairMR
timerange_label:  recovery_23_25
timerange:        20230101-20251231
commit:           34ba6b6
basket:           BTC/USDT,ETH/USDT,BNB/USDT,SOL/USDT,AVAX/USDT
sharpe:           0.1840
sortino:          0.2179
calmar:           1.1264
total_profit_pct: 9.3900
max_drawdown_pct: -14.5452
trade_count:      375
win_rate_pct:     56.2667
profit_factor:    1.0852
bah_sharpe:       1.1556
bah_profit_pct:   357.9414
bah_dd_pct:       -49.7399
per_pair:
  BTC/USDT: sharpe=0.1285 trades=62 profit_pct=5.17 dd_pct=-1.94 wr=40.3 pf=1.42 (bah_profit=427.5 bah_dd=-32.0)
  ETH/USDT: sharpe=-0.0226 trades=49 profit_pct=-1.20 dd_pct=-7.14 wr=30.6 pf=0.92 (bah_profit=147.6 bah_dd=-63.8)
  BNB/USDT: sharpe=0.0852 trades=72 profit_pct=4.11 dd_pct=-3.35 wr=68.1 pf=1.22 (bah_profit=253.6 bah_dd=-41.0)
  SOL/USDT: sharpe=-0.1026 trades=123 profit_pct=-5.11 dd_pct=-12.64 wr=62.6 pf=0.87 (bah_profit=1147.7 bah_dd=-59.8)
  AVAX/USDT: sharpe=0.1041 trades=69 profit_pct=6.41 dd_pct=-8.19 wr=65.2 pf=1.27 (bah_profit=13.3 bah_dd=-81.1)

Result for strategy PerPairMR
                                               BACKTESTING REPORT                                                
┏━━━━━━━━━━━┳━━━━━━━━┳━━━━━━━━━━━━━━┳━━━━━━━━━━━━━━━━━┳━━━━━━━━━━━━━━┳━━━━━━━━━━━━━━━━━┳━━━━━━━━━━━━━━━━━━━━━━━━┓
┃      Pair ┃ Trades ┃ Avg Profit % ┃ Tot Profit USDT ┃ Tot Profit % ┃    Avg Duration ┃  Win  Draw  Loss  Win% ┃
┡━━━━━━━━━━━╇━━━━━━━━╇━━━━━━━━━━━━━━╇━━━━━━━━━━━━━━━━━╇━━━━━━━━━━━━━━╇━━━━━━━━━━━━━━━━━╇━━━━━━━━━━━━━━━━━━━━━━━━┩
│ AVAX/USDT │    115 │         0.63 │        1639.899 │         16.4 │        15:31:00 │   73     0    42  63.5 │
│  BNB/USDT │    115 │         0.47 │        1357.066 │        13.57 │  1 day, 9:50:00 │   80     0    35  69.6 │
│  BTC/USDT │     71 │         0.31 │         614.777 │         6.15 │ 1 day, 17:03:00 │   28     0    43  39.4 │
│  SOL/USDT │    157 │         0.13 │         111.537 │         1.12 │        15:43:00 │  101     0    56  64.3 │
│  ETH/USDT │     61 │        -0.05 │        -145.002 │        -1.45 │ 1 day, 15:40:00 │   20     0    41  32.8 │
│     TOTAL │    519 │         0.32 │        3578.277 │        35.78 │  1 day, 1:58:00 │  302     0   217  58.2 │
└───────────┴────────┴──────────────┴─────────────────┴──────────────┴─────────────────┴────────────────────────┘
                                         LEFT OPEN TRADES REPORT                                          
┏━━━━━━━┳━━━━━━━━┳━━━━━━━━━━━━━━┳━━━━━━━━━━━━━━━━━┳━━━━━━━━━━━━━━┳━━━━━━━━━━━━━━┳━━━━━━━━━━━━━━━━━━━━━━━━┓
┃  Pair ┃ Trades ┃ Avg Profit % ┃ Tot Profit USDT ┃ Tot Profit % ┃ Avg Duration ┃  Win  Draw  Loss  Win% ┃
┡━━━━━━━╇━━━━━━━━╇━━━━━━━━━━━━━━╇━━━━━━━━━━━━━━━━━╇━━━━━━━━━━━━━━╇━━━━━━━━━━━━━━╇━━━━━━━━━━━━━━━━━━━━━━━━┩
│ TOTAL │      0 │          0.0 │           0.000 │          0.0 │         0:00 │    0     0     0     0 │
└───────┴────────┴──────────────┴─────────────────┴──────────────┴──────────────┴────────────────────────┘
                                                 ENTER TAG STATS                                                 
┏━━━━━━━━━━━┳━━━━━━━━━┳━━━━━━━━━━━━━━┳━━━━━━━━━━━━━━━━━┳━━━━━━━━━━━━━━┳━━━━━━━━━━━━━━━━┳━━━━━━━━━━━━━━━━━━━━━━━━┓
┃ Enter Tag ┃ Entries ┃ Avg Profit % ┃ Tot Profit USDT ┃ Tot Profit % ┃   Avg Duration ┃  Win  Draw  Loss  Win% ┃
┡━━━━━━━━━━━╇━━━━━━━━━╇━━━━━━━━━━━━━━╇━━━━━━━━━━━━━━━━━╇━━━━━━━━━━━━━━╇━━━━━━━━━━━━━━━━╇━━━━━━━━━━━━━━━━━━━━━━━━┩
│     OTHER │     519 │         0.32 │        3578.277 │        35.78 │ 1 day, 1:58:00 │  302     0   217  58.2 │
│     TOTAL │     519 │         0.32 │        3578.277 │        35.78 │ 1 day, 1:58:00 │  302     0   217  58.2 │
└───────────┴─────────┴──────────────┴─────────────────┴──────────────┴────────────────┴────────────────────────┘
                                                EXIT REASON STATS                                                
┏━━━━━━━━━━━━━┳━━━━━━━┳━━━━━━━━━━━━━━┳━━━━━━━━━━━━━━━━━┳━━━━━━━━━━━━━━┳━━━━━━━━━━━━━━━━┳━━━━━━━━━━━━━━━━━━━━━━━━┓
┃ Exit Reason ┃ Exits ┃ Avg Profit % ┃ Tot Profit USDT ┃ Tot Profit % ┃   Avg Duration ┃  Win  Draw  Loss  Win% ┃
┡━━━━━━━━━━━━━╇━━━━━━━╇━━━━━━━━━━━━━━╇━━━━━━━━━━━━━━━━━╇━━━━━━━━━━━━━━╇━━━━━━━━━━━━━━━━╇━━━━━━━━━━━━━━━━━━━━━━━━┩
│ exit_signal │   519 │         0.32 │        3578.277 │        35.78 │ 1 day, 1:58:00 │  302     0   217  58.2 │
│       TOTAL │   519 │         0.32 │        3578.277 │        35.78 │ 1 day, 1:58:00 │  302     0   217  58.2 │
└─────────────┴───────┴──────────────┴─────────────────┴──────────────┴────────────────┴────────────────────────┘
                                                       MIXED TAG STATS                                                        
┏━━━━━━━━━━━┳━━━━━━━━━━━━━┳━━━━━━━━┳━━━━━━━━━━━━━━┳━━━━━━━━━━━━━━━━━┳━━━━━━━━━━━━━━┳━━━━━━━━━━━━━━━━┳━━━━━━━━━━━━━━━━━━━━━━━━┓
┃ Enter Tag ┃ Exit Reason ┃ Trades ┃ Avg Profit % ┃ Tot Profit USDT ┃ Tot Profit % ┃   Avg Duration ┃  Win  Draw  Loss  Win% ┃
┡━━━━━━━━━━━╇━━━━━━━━━━━━━╇━━━━━━━━╇━━━━━━━━━━━━━━╇━━━━━━━━━━━━━━━━━╇━━━━━━━━━━━━━━╇━━━━━━━━━━━━━━━━╇━━━━━━━━━━━━━━━━━━━━━━━━┩
│           │ exit_signal │    519 │         0.32 │        3578.277 │        35.78 │ 1 day, 1:58:00 │  302     0   217  58.2 │
│     TOTAL │             │    519 │         0.32 │        3578.277 │        35.78 │ 1 day, 1:58:00 │  302     0   217  58.2 │
└───────────┴─────────────┴────────┴──────────────┴─────────────────┴──────────────┴────────────────┴────────────────────────┘
                         SUMMARY METRICS                          
┏━━━━━━━━━━━━━━━━━━━━━━━━━━━━━━━┳━━━━━━━━━━━━━━━━━━━━━━━━━━━━━━━━┓
┃ Metric                        ┃ Value                          ┃
┡━━━━━━━━━━━━━━━━━━━━━━━━━━━━━━━╇━━━━━━━━━━━━━━━━━━━━━━━━━━━━━━━━┩
│ Backtesting from              │ 2021-01-11 10:00:00            │
│ Backtesting to                │ 2025-12-31 00:00:00            │
│ Trading Mode                  │ Spot                           │
│ Max open trades               │ 5                              │
│                               │                                │
│ Total/Daily Avg Trades        │ 519 / 0.29                     │
│ Starting balance              │ 10000 USDT                     │
│ Final balance                 │ 13578.277 USDT                 │
│ Absolute profit               │ 3578.277 USDT                  │
│ Total profit %                │ 35.78%                         │
│ CAGR %                        │ 6.35%                          │
│ Sortino                       │ 0.43                           │
│ Sharpe                        │ 0.35                           │
│ Calmar                        │ 2.59                           │
│ SQN                           │ 1.46                           │
│ Profit factor                 │ 1.20                           │
│ Expectancy (Ratio)            │ 6.89 (0.08)                    │
│ Avg. daily profit             │ 1.973 USDT                     │
│ Avg. stake amount             │ 2655.134 USDT                  │
│ Total trade volume            │ 2765132.452 USDT               │
│                               │                                │
│ Best Pair                     │ AVAX/USDT 16.40%               │
│ Worst Pair                    │ ETH/USDT -1.45%                │
│ Best trade                    │ BTC/USDT 14.52%                │
│ Worst trade                   │ AVAX/USDT -15.95%              │
│ Best day                      │ 739.484 USDT                   │
│ Worst day                     │ -534.598 USDT                  │
│ Days win/draw/lose            │ 227 / 1225 / 158               │
│ Min/Max/Avg. Duration Winners │ 0d 02:00 / 4d 19:00 / 0d 22:13 │
│ Min/Max/Avg. Duration Losers  │ 0d 04:00 / 4d 19:00 / 1d 07:11 │
│ Max Consecutive Wins / Loss   │ 11 / 5                         │
│ Rejected Entry signals        │ 0                              │
│ Entry/Exit Timeouts           │ 0 / 0                          │
│                               │                                │
│ Min balance                   │ 10023.046 USDT                 │
│ Max balance                   │ 15848.013 USDT                 │
│ Max % of account underwater   │ 14.55%                         │
│ Absolute drawdown             │ 2305.156 USDT (14.55%)         │
│ Drawdown duration             │ 605 days 00:00:00              │
│ Profit at drawdown start      │ 5848.013 USDT                  │
│ Profit at drawdown end        │ 3542.857 USDT                  │
│ Drawdown start                │ 2024-03-27 23:00:00            │
│ Drawdown end                  │ 2025-11-22 23:00:00            │
│ Market change                 │ 1299.76%                       │
└───────────────────────────────┴────────────────────────────────┘

Backtested 2021-01-11 10:00:00 -> 2025-12-31 00:00:00 | Max open trades : 5
                                                            STRATEGY SUMMARY                                                            
┏━━━━━━━━━━━┳━━━━━━━━┳━━━━━━━━━━━━━━┳━━━━━━━━━━━━━━━━━┳━━━━━━━━━━━━━━┳━━━━━━━━━━━━━━━━┳━━━━━━━━━━━━━━━━━━━━━━━━┳━━━━━━━━━━━━━━━━━━━━━━━┓
┃  Strategy ┃ Trades ┃ Avg Profit % ┃ Tot Profit USDT ┃ Tot Profit % ┃   Avg Duration ┃  Win  Draw  Loss  Win% ┃              Drawdown ┃
┡━━━━━━━━━━━╇━━━━━━━━╇━━━━━━━━━━━━━━╇━━━━━━━━━━━━━━━━━╇━━━━━━━━━━━━━━╇━━━━━━━━━━━━━━━━╇━━━━━━━━━━━━━━━━━━━━━━━━╇━━━━━━━━━━━━━━━━━━━━━━━┩
│ PerPairMR │    519 │         0.32 │        3578.277 │        35.78 │ 1 day, 1:58:00 │  302     0   217  58.2 │ 2305.156 USDT  14.55% │
└───────────┴────────┴──────────────┴─────────────────┴──────────────┴────────────────┴────────────────────────┴───────────────────────┘
---
strategy:         PerPairMR
timerange_label:  full_5y
timerange:        20210101-20251231
commit:           34ba6b6
basket:           BTC/USDT,ETH/USDT,BNB/USDT,SOL/USDT,AVAX/USDT
sharpe:           0.3512
sortino:          0.4301
calmar:           2.5909
total_profit_pct: 35.7800
max_drawdown_pct: -14.5454
trade_count:      519
win_rate_pct:     58.1888
profit_factor:    1.1981
bah_sharpe:       1.1482
bah_profit_pct:   1739.6470
bah_dd_pct:       -82.1410
per_pair:
  BTC/USDT: sharpe=0.0743 trades=71 profit_pct=6.15 dd_pct=-3.34 wr=39.4 pf=1.33 (bah_profit=198.8 bah_dd=-76.6)
  ETH/USDT: sharpe=-0.0139 trades=61 profit_pct=-1.45 dd_pct=-8.92 wr=32.8 pf=0.94 (bah_profit=307.7 bah_dd=-79.3)
  BNB/USDT: sharpe=0.1359 trades=115 profit_pct=13.57 dd_pct=-3.80 wr=69.6 pf=1.38 (bah_profit=2187.9 bah_dd=-70.9)
  SOL/USDT: sharpe=0.0113 trades=157 profit_pct=1.12 dd_pct=-14.42 wr=64.3 pf=1.02 (bah_profit=6666.7 bah_dd=-96.3)
  AVAX/USDT: sharpe=0.1413 trades=115 profit_pct=16.40 dd_pct=-9.19 wr=63.5 pf=1.37 (bah_profit=237.6 bah_dd=-93.5)

---
strategy:         PerPairMR
timerange_label:  SUMMARY
commit:           34ba6b6
robust_sharpe:    0.0520   # min across declared timeranges
worst_profit_pct: 0.8400
worst_dd_pct:     -14.5454
avg_position_pct: 22.4248
profit_floor:     FAIL   (threshold ≥ 20.0% per timerange)
min_position_size: PASS   (threshold ≥ 5.0%)
pareto_dominated_by: none (non-dominated)

Result for strategy VolBreakoutSized
                                               BACKTESTING REPORT                                               
┏━━━━━━━━━━━┳━━━━━━━━┳━━━━━━━━━━━━━━┳━━━━━━━━━━━━━━━━━┳━━━━━━━━━━━━━━┳━━━━━━━━━━━━━━━━┳━━━━━━━━━━━━━━━━━━━━━━━━┓
┃      Pair ┃ Trades ┃ Avg Profit % ┃ Tot Profit USDT ┃ Tot Profit % ┃   Avg Duration ┃  Win  Draw  Loss  Win% ┃
┡━━━━━━━━━━━╇━━━━━━━━╇━━━━━━━━━━━━━━╇━━━━━━━━━━━━━━━━━╇━━━━━━━━━━━━━━╇━━━━━━━━━━━━━━━━╇━━━━━━━━━━━━━━━━━━━━━━━━┩
│  SOL/USDT │    244 │         1.22 │         686.165 │         6.86 │ 1 day, 9:00:00 │   80     0   164  32.8 │
│  BNB/USDT │    269 │         0.89 │         583.206 │         5.83 │ 1 day, 7:25:00 │   87     0   182  32.3 │
│ AVAX/USDT │    209 │         1.39 │         479.657 │          4.8 │ 1 day, 6:36:00 │   70     0   139  33.5 │
│  BTC/USDT │    257 │         0.12 │         465.960 │         4.66 │ 1 day, 7:42:00 │   84     0   173  32.7 │
│  ETH/USDT │    242 │         0.33 │         286.953 │         2.87 │ 1 day, 7:40:00 │   80     0   162  33.1 │
│     TOTAL │   1221 │         0.77 │        2501.941 │        25.02 │ 1 day, 7:42:00 │  401     0   820  32.8 │
└───────────┴────────┴──────────────┴─────────────────┴──────────────┴────────────────┴────────────────────────┘
                                         LEFT OPEN TRADES REPORT                                          
┏━━━━━━━┳━━━━━━━━┳━━━━━━━━━━━━━━┳━━━━━━━━━━━━━━━━━┳━━━━━━━━━━━━━━┳━━━━━━━━━━━━━━┳━━━━━━━━━━━━━━━━━━━━━━━━┓
┃  Pair ┃ Trades ┃ Avg Profit % ┃ Tot Profit USDT ┃ Tot Profit % ┃ Avg Duration ┃  Win  Draw  Loss  Win% ┃
┡━━━━━━━╇━━━━━━━━╇━━━━━━━━━━━━━━╇━━━━━━━━━━━━━━━━━╇━━━━━━━━━━━━━━╇━━━━━━━━━━━━━━╇━━━━━━━━━━━━━━━━━━━━━━━━┩
│ TOTAL │      0 │          0.0 │           0.000 │          0.0 │         0:00 │    0     0     0     0 │
└───────┴────────┴──────────────┴─────────────────┴──────────────┴──────────────┴────────────────────────┘
                                                 ENTER TAG STATS                                                 
┏━━━━━━━━━━━┳━━━━━━━━━┳━━━━━━━━━━━━━━┳━━━━━━━━━━━━━━━━━┳━━━━━━━━━━━━━━┳━━━━━━━━━━━━━━━━┳━━━━━━━━━━━━━━━━━━━━━━━━┓
┃ Enter Tag ┃ Entries ┃ Avg Profit % ┃ Tot Profit USDT ┃ Tot Profit % ┃   Avg Duration ┃  Win  Draw  Loss  Win% ┃
┡━━━━━━━━━━━╇━━━━━━━━━╇━━━━━━━━━━━━━━╇━━━━━━━━━━━━━━━━━╇━━━━━━━━━━━━━━╇━━━━━━━━━━━━━━━━╇━━━━━━━━━━━━━━━━━━━━━━━━┩
│     OTHER │    1221 │         0.77 │        2501.941 │        25.02 │ 1 day, 7:42:00 │  401     0   820  32.8 │
│     TOTAL │    1221 │         0.77 │        2501.941 │        25.02 │ 1 day, 7:42:00 │  401     0   820  32.8 │
└───────────┴─────────┴──────────────┴─────────────────┴──────────────┴────────────────┴────────────────────────┘
                                                EXIT REASON STATS                                                
┏━━━━━━━━━━━━━┳━━━━━━━┳━━━━━━━━━━━━━━┳━━━━━━━━━━━━━━━━━┳━━━━━━━━━━━━━━┳━━━━━━━━━━━━━━━━┳━━━━━━━━━━━━━━━━━━━━━━━━┓
┃ Exit Reason ┃ Exits ┃ Avg Profit % ┃ Tot Profit USDT ┃ Tot Profit % ┃   Avg Duration ┃  Win  Draw  Loss  Win% ┃
┡━━━━━━━━━━━━━╇━━━━━━━╇━━━━━━━━━━━━━━╇━━━━━━━━━━━━━━━━━╇━━━━━━━━━━━━━━╇━━━━━━━━━━━━━━━━╇━━━━━━━━━━━━━━━━━━━━━━━━┩
│ exit_signal │  1221 │         0.77 │        2501.941 │        25.02 │ 1 day, 7:42:00 │  401     0   820  32.8 │
│       TOTAL │  1221 │         0.77 │        2501.941 │        25.02 │ 1 day, 7:42:00 │  401     0   820  32.8 │
└─────────────┴───────┴──────────────┴─────────────────┴──────────────┴────────────────┴────────────────────────┘
                                                       MIXED TAG STATS                                                        
┏━━━━━━━━━━━┳━━━━━━━━━━━━━┳━━━━━━━━┳━━━━━━━━━━━━━━┳━━━━━━━━━━━━━━━━━┳━━━━━━━━━━━━━━┳━━━━━━━━━━━━━━━━┳━━━━━━━━━━━━━━━━━━━━━━━━┓
┃ Enter Tag ┃ Exit Reason ┃ Trades ┃ Avg Profit % ┃ Tot Profit USDT ┃ Tot Profit % ┃   Avg Duration ┃  Win  Draw  Loss  Win% ┃
┡━━━━━━━━━━━╇━━━━━━━━━━━━━╇━━━━━━━━╇━━━━━━━━━━━━━━╇━━━━━━━━━━━━━━━━━╇━━━━━━━━━━━━━━╇━━━━━━━━━━━━━━━━╇━━━━━━━━━━━━━━━━━━━━━━━━┩
│           │ exit_signal │   1221 │         0.77 │        2501.941 │        25.02 │ 1 day, 7:42:00 │  401     0   820  32.8 │
│     TOTAL │             │   1221 │         0.77 │        2501.941 │        25.02 │ 1 day, 7:42:00 │  401     0   820  32.8 │
└───────────┴─────────────┴────────┴──────────────┴─────────────────┴──────────────┴────────────────┴────────────────────────┘
                         SUMMARY METRICS                          
┏━━━━━━━━━━━━━━━━━━━━━━━━━━━━━━━┳━━━━━━━━━━━━━━━━━━━━━━━━━━━━━━━━┓
┃ Metric                        ┃ Value                          ┃
┡━━━━━━━━━━━━━━━━━━━━━━━━━━━━━━━╇━━━━━━━━━━━━━━━━━━━━━━━━━━━━━━━━┩
│ Backtesting from              │ 2021-01-11 10:00:00            │
│ Backtesting to                │ 2025-12-31 00:00:00            │
│ Trading Mode                  │ Spot                           │
│ Max open trades               │ 5                              │
│                               │                                │
│ Total/Daily Avg Trades        │ 1221 / 0.67                    │
│ Starting balance              │ 10000 USDT                     │
│ Final balance                 │ 12501.941 USDT                 │
│ Absolute profit               │ 2501.941 USDT                  │
│ Total profit %                │ 25.02%                         │
│ CAGR %                        │ 4.60%                          │
│ Sortino                       │ 7.30                           │
│ Sharpe                        │ 1.34                           │
│ Calmar                        │ 6.20                           │
│ SQN                           │ 3.64                           │
│ Profit factor                 │ 1.48                           │
│ Expectancy (Ratio)            │ 2.05 (0.32)                    │
│ Avg. daily profit             │ 1.379 USDT                     │
│ Avg. stake amount             │ 366.41 USDT                    │
│ Total trade volume            │ 899070.709 USDT                │
│                               │                                │
│ Best Pair                     │ SOL/USDT 6.86%                 │
│ Worst Pair                    │ ETH/USDT 2.87%                 │
│ Best trade                    │ AVAX/USDT 205.77%              │
│ Worst trade                   │ AVAX/USDT -13.39%              │
│ Best day                      │ 344.265 USDT                   │
│ Worst day                     │ -54.518 USDT                   │
│ Days win/draw/lose            │ 217 / 1084 / 428               │
│ Min/Max/Avg. Duration Winners │ 1d 00:00 / 8d 11:00 / 2d 13:32 │
│ Min/Max/Avg. Duration Losers  │ 0d 01:00 / 2d 08:00 / 0d 17:07 │
│ Max Consecutive Wins / Loss   │ 7 / 17                         │
│ Rejected Entry signals        │ 0                              │
│ Entry/Exit Timeouts           │ 0 / 0                          │
│                               │                                │
│ Min balance                   │ 9996.429 USDT                  │
│ Max balance                   │ 12526.912 USDT                 │
│ Max % of account underwater   │ 4.25%                          │
│ Absolute drawdown             │ 485.425 USDT (4.25%)           │
│ Drawdown duration             │ 265 days 15:00:00              │
│ Profit at drawdown start      │ 1413.94 USDT                   │
│ Profit at drawdown end        │ 928.515 USDT                   │
│ Drawdown start                │ 2023-01-22 21:00:00            │
│ Drawdown end                  │ 2023-10-15 12:00:00            │
│ Market change                 │ 1299.76%                       │
└───────────────────────────────┴────────────────────────────────┘

Backtested 2021-01-11 10:00:00 -> 2025-12-31 00:00:00 | Max open trades : 5
                                                              STRATEGY SUMMARY                                                               
┏━━━━━━━━━━━━━━━━━━┳━━━━━━━━┳━━━━━━━━━━━━━━┳━━━━━━━━━━━━━━━━━┳━━━━━━━━━━━━━━┳━━━━━━━━━━━━━━━━┳━━━━━━━━━━━━━━━━━━━━━━━━┳━━━━━━━━━━━━━━━━━━━━━┓
┃         Strategy ┃ Trades ┃ Avg Profit % ┃ Tot Profit USDT ┃ Tot Profit % ┃   Avg Duration ┃  Win  Draw  Loss  Win% ┃            Drawdown ┃
┡━━━━━━━━━━━━━━━━━━╇━━━━━━━━╇━━━━━━━━━━━━━━╇━━━━━━━━━━━━━━━━━╇━━━━━━━━━━━━━━╇━━━━━━━━━━━━━━━━╇━━━━━━━━━━━━━━━━━━━━━━━━╇━━━━━━━━━━━━━━━━━━━━━┩
│ VolBreakoutSized │   1221 │         0.77 │        2501.941 │        25.02 │ 1 day, 7:42:00 │  401     0   820  32.8 │ 485.425 USDT  4.25% │
└──────────────────┴────────┴──────────────┴─────────────────┴──────────────┴────────────────┴────────────────────────┴─────────────────────┘
---
strategy:         VolBreakoutSized
timerange_label:  full
timerange:        20210101-20251231
commit:           34ba6b6
basket:           BTC/USDT,ETH/USDT,SOL/USDT,BNB/USDT,AVAX/USDT
sharpe:           1.3390
sortino:          7.3012
calmar:           6.1958
total_profit_pct: 25.0200
max_drawdown_pct: -4.2529
trade_count:      1221
win_rate_pct:     32.8419
profit_factor:    1.4751
bah_sharpe:       1.1482
bah_profit_pct:   1739.6470
bah_dd_pct:       -82.1410
per_pair:
  BTC/USDT: sharpe=0.2262 trades=257 profit_pct=4.66 dd_pct=-1.32 wr=32.7 pf=1.38 (bah_profit=198.8 bah_dd=-76.6)
  ETH/USDT: sharpe=0.1799 trades=242 profit_pct=2.87 dd_pct=-1.77 wr=33.1 pf=1.27 (bah_profit=307.7 bah_dd=-79.3)
  SOL/USDT: sharpe=0.4167 trades=244 profit_pct=6.86 dd_pct=-0.68 wr=32.8 pf=1.77 (bah_profit=6666.7 bah_dd=-96.3)
  BNB/USDT: sharpe=0.3074 trades=269 profit_pct=5.83 dd_pct=-1.52 wr=32.3 pf=1.48 (bah_profit=2187.9 bah_dd=-70.9)
  AVAX/USDT: sharpe=0.2281 trades=209 profit_pct=4.80 dd_pct=-0.82 wr=33.5 pf=1.56 (bah_profit=237.6 bah_dd=-93.5)

---
strategy:         VolBreakoutSized
timerange_label:  SUMMARY
commit:           34ba6b6
robust_sharpe:    1.3390   # min across declared timeranges
worst_profit_pct: 25.0200
worst_dd_pct:     -4.2529
avg_position_pct: 3.6641
profit_floor:     PASS   (threshold ≥ 20.0% per timerange)
min_position_size: FAIL   (threshold ≥ 5.0%)
pareto_dominated_by: none (non-dominated)

Done: 9 backtests succeeded, 0 failed.
