Result for strategy TomacNQ_ScratchNoRSINoConflict15m
                                            BACKTESTING REPORT                                            
┏━━━━━━━━┳━━━━━━━━┳━━━━━━━━━━━━━━┳━━━━━━━━━━━━━━━━┳━━━━━━━━━━━━━━┳━━━━━━━━━━━━━━┳━━━━━━━━━━━━━━━━━━━━━━━━┓
┃   Pair ┃ Trades ┃ Avg Profit % ┃ Tot Profit USD ┃ Tot Profit % ┃ Avg Duration ┃  Win  Draw  Loss  Win% ┃
┡━━━━━━━━╇━━━━━━━━╇━━━━━━━━━━━━━━╇━━━━━━━━━━━━━━━━╇━━━━━━━━━━━━━━╇━━━━━━━━━━━━━━╇━━━━━━━━━━━━━━━━━━━━━━━━┩
│ NQ/USD │   1081 │        -0.01 │     -10881.613 │       -10.88 │      4:30:00 │  340    16   725  31.5 │
│  TOTAL │   1081 │        -0.01 │     -10881.613 │       -10.88 │      4:30:00 │  340    16   725  31.5 │
└────────┴────────┴──────────────┴────────────────┴──────────────┴──────────────┴────────────────────────┘
                                         LEFT OPEN TRADES REPORT                                         
┏━━━━━━━┳━━━━━━━━┳━━━━━━━━━━━━━━┳━━━━━━━━━━━━━━━━┳━━━━━━━━━━━━━━┳━━━━━━━━━━━━━━┳━━━━━━━━━━━━━━━━━━━━━━━━┓
┃  Pair ┃ Trades ┃ Avg Profit % ┃ Tot Profit USD ┃ Tot Profit % ┃ Avg Duration ┃  Win  Draw  Loss  Win% ┃
┡━━━━━━━╇━━━━━━━━╇━━━━━━━━━━━━━━╇━━━━━━━━━━━━━━━━╇━━━━━━━━━━━━━━╇━━━━━━━━━━━━━━╇━━━━━━━━━━━━━━━━━━━━━━━━┩
│ TOTAL │      0 │          0.0 │          0.000 │          0.0 │         0:00 │    0     0     0     0 │
└───────┴────────┴──────────────┴────────────────┴──────────────┴──────────────┴────────────────────────┘
                                               ENTER TAG STATS                                                
┏━━━━━━━━━━━┳━━━━━━━━━┳━━━━━━━━━━━━━━┳━━━━━━━━━━━━━━━━┳━━━━━━━━━━━━━━┳━━━━━━━━━━━━━━┳━━━━━━━━━━━━━━━━━━━━━━━━┓
┃ Enter Tag ┃ Entries ┃ Avg Profit % ┃ Tot Profit USD ┃ Tot Profit % ┃ Avg Duration ┃  Win  Draw  Loss  Win% ┃
┡━━━━━━━━━━━╇━━━━━━━━━╇━━━━━━━━━━━━━━╇━━━━━━━━━━━━━━━━╇━━━━━━━━━━━━━━╇━━━━━━━━━━━━━━╇━━━━━━━━━━━━━━━━━━━━━━━━┩
│     OTHER │    1081 │        -0.01 │     -10881.613 │       -10.88 │      4:30:00 │  340    16   725  31.5 │
│     TOTAL │    1081 │        -0.01 │     -10881.613 │       -10.88 │      4:30:00 │  340    16   725  31.5 │
└───────────┴─────────┴──────────────┴────────────────┴──────────────┴──────────────┴────────────────────────┘
                                                  EXIT REASON STATS                                                  
┏━━━━━━━━━━━━━━━━━━━━┳━━━━━━━┳━━━━━━━━━━━━━━┳━━━━━━━━━━━━━━━━┳━━━━━━━━━━━━━━┳━━━━━━━━━━━━━━┳━━━━━━━━━━━━━━━━━━━━━━━━┓
┃        Exit Reason ┃ Exits ┃ Avg Profit % ┃ Tot Profit USD ┃ Tot Profit % ┃ Avg Duration ┃  Win  Draw  Loss  Win% ┃
┡━━━━━━━━━━━━━━━━━━━━╇━━━━━━━╇━━━━━━━━━━━━━━╇━━━━━━━━━━━━━━━━╇━━━━━━━━━━━━━━╇━━━━━━━━━━━━━━╇━━━━━━━━━━━━━━━━━━━━━━━━┩
│ trailing_stop_loss │    84 │         0.95 │      71601.417 │         71.6 │     19:03:00 │   84     0     0   100 │
│          stop_loss │     5 │         -2.2 │     -10007.973 │       -10.01 │      7:09:00 │    0     0     5     0 │
│        exit_signal │   992 │        -0.08 │     -72475.057 │       -72.48 │      3:15:00 │  256    16   720  25.8 │
│              TOTAL │  1081 │        -0.01 │     -10881.613 │       -10.88 │      4:30:00 │  340    16   725  31.5 │
└────────────────────┴───────┴──────────────┴────────────────┴──────────────┴──────────────┴────────────────────────┘
                                                         MIXED TAG STATS                                                          
┏━━━━━━━━━━━┳━━━━━━━━━━━━━━━━━━━━┳━━━━━━━━┳━━━━━━━━━━━━━━┳━━━━━━━━━━━━━━━━┳━━━━━━━━━━━━━━┳━━━━━━━━━━━━━━┳━━━━━━━━━━━━━━━━━━━━━━━━┓
┃ Enter Tag ┃        Exit Reason ┃ Trades ┃ Avg Profit % ┃ Tot Profit USD ┃ Tot Profit % ┃ Avg Duration ┃  Win  Draw  Loss  Win% ┃
┡━━━━━━━━━━━╇━━━━━━━━━━━━━━━━━━━━╇━━━━━━━━╇━━━━━━━━━━━━━━╇━━━━━━━━━━━━━━━━╇━━━━━━━━━━━━━━╇━━━━━━━━━━━━━━╇━━━━━━━━━━━━━━━━━━━━━━━━┩
│           │ trailing_stop_loss │     84 │         0.95 │      71601.417 │         71.6 │     19:03:00 │   84     0     0   100 │
│           │          stop_loss │      5 │         -2.2 │     -10007.973 │       -10.01 │      7:09:00 │    0     0     5     0 │
│           │        exit_signal │    992 │        -0.08 │     -72475.057 │       -72.48 │      3:15:00 │  256    16   720  25.8 │
│     TOTAL │                    │   1081 │        -0.01 │     -10881.613 │       -10.88 │      4:30:00 │  340    16   725  31.5 │
└───────────┴────────────────────┴────────┴──────────────┴────────────────┴──────────────┴──────────────┴────────────────────────┘
                         SUMMARY METRICS                          
┏━━━━━━━━━━━━━━━━━━━━━━━━━━━━━━━┳━━━━━━━━━━━━━━━━━━━━━━━━━━━━━━━━┓
┃ Metric                        ┃ Value                          ┃
┡━━━━━━━━━━━━━━━━━━━━━━━━━━━━━━━╇━━━━━━━━━━━━━━━━━━━━━━━━━━━━━━━━┩
│ Backtesting from              │ 2025-01-01 00:00:00            │
│ Backtesting to                │ 2025-12-31 00:00:00            │
│ Trading Mode                  │ Spot                           │
│ Max open trades               │ 1                              │
│                               │                                │
│ Total/Daily Avg Trades        │ 1081 / 2.97                    │
│ Starting balance              │ 100000 USD                     │
│ Final balance                 │ 89118.387 USD                  │
│ Absolute profit               │ -10881.613 USD                 │
│ Total profit %                │ -10.88%                        │
│ CAGR %                        │ -10.91%                        │
│ Sortino                       │ -2.24                          │
│ Sharpe                        │ -1.55                          │
│ Calmar                        │ -3.81                          │
│ SQN                           │ -0.90                          │
│ Profit factor                 │ 0.90                           │
│ Expectancy (Ratio)            │ -10.07 (-0.08)                 │
│ Avg. daily profit             │ -29.895 USD                    │
│ Avg. stake amount             │ 89774.61 USD                   │
│ Total trade volume            │ 194081825.779 USD              │
│                               │                                │
│ Best Pair                     │ NQ/USD -10.88%                 │
│ Worst Pair                    │ NQ/USD -10.88%                 │
│ Best trade                    │ NQ/USD 3.19%                   │
│ Worst trade                   │ NQ/USD -2.20%                  │
│ Best day                      │ 2790.378 USD                   │
│ Worst day                     │ -3608.743 USD                  │
│ Days win/draw/lose            │ 91 / 138 / 134                 │
│ Min/Max/Avg. Duration Winners │ 0d 00:00 / 5d 05:30 / 0d 09:41 │
│ Min/Max/Avg. Duration Losers  │ 0d 00:15 / 2d 08:15 / 0d 02:09 │
│ Max Consecutive Wins / Loss   │ 5 / 17                         │
│ Rejected Entry signals        │ 0                              │
│ Entry/Exit Timeouts           │ 0 / 0                          │
│                               │                                │
│ Min balance                   │ 85605.885 USD                  │
│ Max balance                   │ 100680.66 USD                  │
│ Max % of account underwater   │ 14.97%                         │
│ Absolute drawdown             │ 15074.775 USD (14.97%)         │
│ Drawdown duration             │ 84 days 00:45:00               │
│ Profit at drawdown start      │ 680.66 USD                     │
│ Profit at drawdown end        │ -14394.115 USD                 │
│ Drawdown start                │ 2025-01-17 14:15:00            │
│ Drawdown end                  │ 2025-04-11 15:00:00            │
│ Market change                 │ 22.99%                         │
└───────────────────────────────┴────────────────────────────────┘

Backtested 2025-01-01 00:00:00 -> 2025-12-31 00:00:00 | Max open trades : 1
                                                                      STRATEGY SUMMARY                                                                       
┏━━━━━━━━━━━━━━━━━━━━━━━━━━━━━━━━━━━┳━━━━━━━━┳━━━━━━━━━━━━━━┳━━━━━━━━━━━━━━━━┳━━━━━━━━━━━━━━┳━━━━━━━━━━━━━━┳━━━━━━━━━━━━━━━━━━━━━━━━┳━━━━━━━━━━━━━━━━━━━━━━━┓
┃                          Strategy ┃ Trades ┃ Avg Profit % ┃ Tot Profit USD ┃ Tot Profit % ┃ Avg Duration ┃  Win  Draw  Loss  Win% ┃              Drawdown ┃
┡━━━━━━━━━━━━━━━━━━━━━━━━━━━━━━━━━━━╇━━━━━━━━╇━━━━━━━━━━━━━━╇━━━━━━━━━━━━━━━━╇━━━━━━━━━━━━━━╇━━━━━━━━━━━━━━╇━━━━━━━━━━━━━━━━━━━━━━━━╇━━━━━━━━━━━━━━━━━━━━━━━┩
│ TomacNQ_ScratchNoRSINoConflict15m │   1081 │        -0.01 │     -10881.613 │       -10.88 │      4:30:00 │  340    16   725  31.5 │ 15074.775 USD  14.97% │
└───────────────────────────────────┴────────┴──────────────┴────────────────┴──────────────┴──────────────┴────────────────────────┴───────────────────────┘
{"first_open": "2025-01-02T08:45:00+00:00", "last_open": "2025-12-29T23:45:00+00:00", "losses": 725, "profit_factor": 0.9015821223976574, "profit_total": -0.10881613010630001, "strategy": "TomacNQ_ScratchNoRSINoConflict15m", "timeframe": "15m", "timerange": "20250101-20251231", "total_trades": 1081, "winrate": 0.3145235892691952, "wins": 340}
{
  "out": "docs/experiments/actionable-regime-confidence/runs/20260510T184555/autoquant/fresh_tomac_scratch_no_rsi_nq_2025.json",
  "strategies": 1,
  "errors": 0
}
