{
  "repo_url": "https://github.com/TraderAlice/Auto-Quant.git",
  "managed_dir": "/Users/thrill3r/projects-ict-engine/ict-engine/docs/experiments/actionable-regime-confidence/runs/20260510T203010-hermes-per-regime-candidate-search/autoquant/state/auto-quant/auto-quant/.deps/auto-quant",
  "tracked_branch": "master",
  "pinned_ref": "34ba6b6ee6aa69813a50a72158d4c089d97afb96",
  "current_commit": "34ba6b6ee6aa69813a50a72158d4c089d97afb96",
  "upstream_commit": "34ba6b6ee6aa69813a50a72158d4c089d97afb96",
  "bootstrap_needed": false,
  "config_present": true,
  "managed_repo_present": true,
  "healthy": true,
  "update_available": false,
  "required_files": [
    "README.md",
    "program.md",
    "prepare.py",
    "run.py",
    "versions/README.md"
  ],
  "notes": [],
  "adapter_version": "v1",
  "last_sync": "2026-05-10T12:36:44.925953Z"
}
